<?xml version="1.0" encoding="utf-8"?><testsuites name="pytest tests"><testsuite name="pytest" errors="0" failures="2" skipped="0" tests="20" time="19.264" timestamp="2026-07-02T09:16:01.623821+00:00" hostname="agent-env-b3cdef36-f4bc-40ce-8fca-017e53ea9467"><testcase classname="backend.tests.test_iter13_balance_no_advances.TestBalanceNoAdvances" name="test_balance_formula_excludes_advances" time="1.781" /><testcase classname="backend.tests.test_iter13_balance_no_advances.TestBalanceNoAdvances" name="test_balance_no_advances_when_only_expenses" time="1.008" /><testcase classname="backend.tests.test_iter13_balance_no_advances.TestBalanceNoAdvances" name="test_balance_zero_when_only_advances" time="0.864" /><testcase classname="backend.tests.test_iter13_balance_no_advances.TestYearlySummary" name="test_yearly_summary_sums_monthly_balances_without_advances" time="1.015" /><testcase classname="backend.tests.test_iter13_balance_no_advances.TestIvaScorporo" name="test_iva_split_no_withholding" time="0.779" /><testcase classname="backend.tests.test_iter13_balance_no_advances.TestIvaScorporo" name="test_iva_split_with_withholding" time="0.927" /><testcase classname="backend.tests.test_iter13_balance_no_advances.TestIvaScorporo" name="test_null_vat_and_withholding" time="0.936" /><testcase classname="backend.tests.test_iter13_balance_no_advances.TestMargineByMethod" name="test_margine_by_method_single_payment" time="0.809" /><testcase classname="backend.tests.test_iter13_balance_no_advances.TestMargineByMethod" name="test_margine_pro_quota_two_payments" time="0.796" /><testcase classname="backend.tests.test_iter13_balance_no_advances.TestPaymentsByMethodFields" name="test_payment_has_margin_imponibile_iva_materials_share" time="0.909" /><testcase classname="backend.tests.test_iter13_balance_no_advances.TestAuthGates" name="test_protected_endpoints_return_403_without_token" time="1.468" /><testcase classname="backend.tests.test_iter13_balance_no_advances.TestPendingAwaitingSplit" name="test_awaiting_and_pending_exclusive" time="0.935" /><testcase classname="backend.tests.test_iter13_balance_no_advances.TestReorder" name="test_reorder_awaiting_persists_sort_order" time="0.944" /><testcase classname="backend.tests.test_iter13_balance_no_advances.TestReorder" name="test_reorder_pending_persists_sort_order" time="0.906" /><testcase classname="backend.tests.test_iter13_balance_no_advances.TestDeletePayment" name="test_delete_single_payment_leaves_others" time="0.776"><failure message="assert 405 == 200&#10; +  where 405 = &lt;Response [405]&gt;.status_code">backend/tests/test_iter13_balance_no_advances.py:466: in test_delete_single_payment_leaves_others
    assert r2.status_code == 200
E   assert 405 == 200
E    +  where 405 = &lt;Response [405]&gt;.status_code</failure></testcase><testcase classname="backend.tests.test_iter13_balance_no_advances.TestExecutePending" name="test_execute_clears_pending_and_awaiting" time="0.830" /><testcase classname="backend.tests.test_iter13_balance_no_advances.TestAppointment" name="test_appointment_at_and_note_roundtrip" time="0.792"><failure message="KeyError: 'appointment_at'">backend/tests/test_iter13_balance_no_advances.py:512: in test_appointment_at_and_note_roundtrip
    assert g["appointment_at"] == f"{TEST_MONTH}-16T09:00"
           ^^^^^^^^^^^^^^^^^^^
E   KeyError: 'appointment_at'</failure></testcase><testcase classname="backend.tests.test_iter13_balance_no_advances.TestUnpaidExpectedMargin" name="test_expected_margin_imponibile_minus_materials" time="0.743" /><testcase classname="backend.tests.test_iter13_balance_no_advances.TestMaterialsBySourceNotDoubleCounted" name="test_materials_separate_from_expenses" time="1.167" /><testcase classname="backend.tests.test_iter13_balance_no_advances.TestQuotePreventivo" name="test_preventivo_no_payments_in_quotes_not_incassi" time="0.723" /></testsuite></testsuites>