<?xml version="1.0" encoding="utf-8"?><testsuites name="pytest tests"><testsuite name="pytest" errors="0" failures="0" skipped="0" tests="75" time="57.645" timestamp="2026-05-05T15:26:43.538907+00:00" hostname="agent-env-b74a85ff-25cd-40f3-b8ad-9684642dca85"><testcase classname="backend.tests.backend_test.TestAuthGates" name="test_root_health_unauth" time="0.431" /><testcase classname="backend.tests.backend_test.TestAuthGates" name="test_me_no_token" time="0.262" /><testcase classname="backend.tests.backend_test.TestAuthGates" name="test_clients_no_token" time="0.194" /><testcase classname="backend.tests.backend_test.TestAuthGates" name="test_clients_invalid_token" time="0.602" /><testcase classname="backend.tests.backend_test.TestAuthGates" name="test_me_with_valid_token" time="0.708" /><testcase classname="backend.tests.backend_test.TestClientsCRUD" name="test_create_get_update_delete" time="0.553" /><testcase classname="backend.tests.backend_test.TestClientsCRUD" name="test_update_nonexistent_client" time="0.288" /><testcase classname="backend.tests.backend_test.TestClientsCRUD" name="test_delete_nonexistent_client" time="0.221" /><testcase classname="backend.tests.backend_test.TestExpensesCRUD" name="test_create_get_update_delete" time="0.455" /><testcase classname="backend.tests.backend_test.TestAdvancesCRUD" name="test_create_get_delete" time="0.382" /><testcase classname="backend.tests.backend_test.TestSummary" name="test_summary_aggregates" time="0.840" /><testcase classname="backend.tests.backend_test.TestIsolation" name="test_user_b_cannot_see_user_a_data" time="2.405" /><testcase classname="backend.tests.backend_test.TestClientSearch" name="test_search_requires_auth" time="0.234" /><testcase classname="backend.tests.backend_test.TestClientSearch" name="test_search_short_query_returns_empty" time="0.766" /><testcase classname="backend.tests.backend_test.TestClientSearch" name="test_search_matches_name_address_phone" time="1.940" /><testcase classname="backend.tests.backend_test.TestClientSearch" name="test_search_sorted_by_date_desc_and_max_50" time="1.365" /><testcase classname="backend.tests.backend_test.TestClientSearch" name="test_search_isolation_between_users" time="1.016" /><testcase classname="backend.tests.backend_test.TestAdvancesByWorker" name="test_requires_auth" time="0.284" /><testcase classname="backend.tests.backend_test.TestAdvancesByWorker" name="test_aggregation_and_isolation" time="2.913" /><testcase classname="backend.tests.backend_test.TestAdvancesByWorker" name="test_empty_month_returns_empty_list" time="0.129" /><testcase classname="backend.tests.backend_test.TestRecurringExpenses" name="test_list_requires_auth" time="0.261" /><testcase classname="backend.tests.backend_test.TestRecurringExpenses" name="test_apply_requires_auth" time="0.128" /><testcase classname="backend.tests.backend_test.TestRecurringExpenses" name="test_crud_template_per_user_isolation" time="2.839" /><testcase classname="backend.tests.backend_test.TestRecurringExpenses" name="test_apply_is_idempotent_and_recreates_after_delete" time="2.700" /><testcase classname="backend.tests.backend_test.TestRecurringExpenses" name="test_apply_no_templates_returns_zero" time="0.234" /><testcase classname="backend.tests.backend_test.TestRecurringExpenses" name="test_legacy_expense_without_recurring_id_loads_ok" time="0.274" /><testcase classname="backend.tests.backend_test.TestUnpaidClients" name="test_unpaid_no_token" time="0.265" /><testcase classname="backend.tests.backend_test.TestUnpaidClients" name="test_unpaid_invalid_token" time="0.334" /><testcase classname="backend.tests.backend_test.TestUnpaidClients" name="test_unpaid_logic_and_math" time="3.388" /><testcase classname="backend.tests.backend_test.TestUnpaidClients" name="test_unpaid_user_isolation" time="1.060" /><testcase classname="backend.tests.backend_test.TestUnpaidClients" name="test_unpaid_zero_balance_excluded" time="0.319" /><testcase classname="backend.tests.backend_test.TestMaterials" name="test_create_client_with_materials_and_persistence" time="0.617" /><testcase classname="backend.tests.backend_test.TestMaterials" name="test_legacy_client_without_materials_field" time="0.325" /><testcase classname="backend.tests.backend_test.TestMaterials" name="test_update_client_add_remove_materials" time="0.950" /><testcase classname="backend.tests.backend_test.TestMaterials" name="test_material_zero_amount_with_description_persists" time="0.210" /><testcase classname="backend.tests.backend_test.TestMaterials" name="test_material_invalid_or_missing_source_defaults" time="0.372" /><testcase classname="backend.tests.backend_test.TestMaterials" name="test_unpaid_returns_materials_total_and_expected_margin" time="0.739" /><testcase classname="backend.tests.backend_test.TestMaterials" name="test_summary_total_materials_and_by_source" time="1.343" /><testcase classname="backend.tests.backend_test.TestMaterials" name="test_summary_no_materials_legacy_clients_balance_unchanged" time="0.720" /><testcase classname="backend.tests.backend_test.TestMaterials" name="test_materials_user_isolation" time="1.086" /><testcase classname="backend.tests.backend_test.TestMaterials" name="test_preventivo_with_materials_no_payments_not_in_unpaid" time="0.637" /><testcase classname="backend.tests.backend_test.TestProssimiLavori" name="test_pending_list_requires_auth" time="0.293" /><testcase classname="backend.tests.backend_test.TestProssimiLavori" name="test_execute_requires_auth" time="0.147" /><testcase classname="backend.tests.backend_test.TestProssimiLavori" name="test_create_pending_client_persists_flag" time="1.505" /><testcase classname="backend.tests.backend_test.TestProssimiLavori" name="test_default_pending_is_false_backward_compat" time="0.862" /><testcase classname="backend.tests.backend_test.TestProssimiLavori" name="test_pending_sort_order_date_then_created_at" time="1.219" /><testcase classname="backend.tests.backend_test.TestProssimiLavori" name="test_execute_with_explicit_date_moves_to_agenda" time="1.061" /><testcase classname="backend.tests.backend_test.TestProssimiLavori" name="test_execute_without_date_defaults_today_utc" time="0.684" /><testcase classname="backend.tests.backend_test.TestProssimiLavori" name="test_execute_404_when_not_pending" time="0.508" /><testcase classname="backend.tests.backend_test.TestProssimiLavori" name="test_execute_404_for_nonexistent" time="0.199" /><testcase classname="backend.tests.backend_test.TestProssimiLavori" name="test_pending_isolation_between_users" time="0.673" /><testcase classname="backend.tests.backend_test.TestProssimiLavori" name="test_unpaid_excludes_pending" time="0.433" /><testcase classname="backend.tests.backend_test.TestProssimiLavori" name="test_summary_excludes_pending" time="0.758" /><testcase classname="backend.tests.backend_test.TestProssimiLavori" name="test_round_trip_pending_to_agenda_preserves_scheda" time="0.548" /><testcase classname="backend.tests.backend_test.TestProssimiLavori" name="test_search_may_include_pending" time="0.291" /><testcase classname="backend.tests.backend_test.TestProssimiLavori" name="test_toggle_pending_off_via_put_moves_to_agenda" time="0.442" /><testcase classname="backend.tests.backend_test.TestClientsRange" name="test_range_within_single_month" time="1.172" /><testcase classname="backend.tests.backend_test.TestClientsRange" name="test_range_spanning_two_months" time="1.701" /><testcase classname="backend.tests.backend_test.TestClientsRange" name="test_range_excludes_pending" time="0.433" /><testcase classname="backend.tests.backend_test.TestClientsRange" name="test_date_param_takes_precedence_over_range" time="1.112" /><testcase classname="backend.tests.backend_test.TestClientsRange" name="test_range_takes_precedence_over_month" time="0.425" /><testcase classname="backend.tests.backend_test.TestClientsRange" name="test_range_user_isolation" time="1.114" /><testcase classname="backend.tests.backend_test.TestIdempotency" name="test_client_post_with_explicit_id_uses_that_id" time="0.204" /><testcase classname="backend.tests.backend_test.TestIdempotency" name="test_client_post_without_id_still_generates_uuid" time="1.062" /><testcase classname="backend.tests.backend_test.TestIdempotency" name="test_client_repeat_post_same_id_idempotent" time="0.745" /><testcase classname="backend.tests.backend_test.TestIdempotency" name="test_expense_post_idempotent" time="0.365" /><testcase classname="backend.tests.backend_test.TestIdempotency" name="test_advance_post_idempotent" time="0.365" /><testcase classname="backend.tests.backend_test.TestIdempotency" name="test_idempotency_scoped_per_user" time="0.693" /><testcase classname="backend.tests.backend_test.TestIdempotency" name="test_drain_replay_header_accepted" time="0.191" /><testcase classname="backend.tests.backend_test.TestYearlySummary" name="test_year_endpoint_shape" time="0.241" /><testcase classname="backend.tests.backend_test.TestYearlySummary" name="test_year_empty_returns_nulls" time="0.268" /><testcase classname="backend.tests.backend_test.TestYearlySummary" name="test_year_totals_match_sum_of_months" time="1.285" /><testcase classname="backend.tests.backend_test.TestYearlySummary" name="test_year_best_worst_excludes_empty_months" time="0.591" /><testcase classname="backend.tests.backend_test.TestYearlySummary" name="test_year_user_isolation" time="0.774" /><testcase classname="backend.tests.backend_test.TestYearlySummary" name="test_year_unauth" time="0.208" /></testsuite></testsuites>