<?xml version="1.0" encoding="utf-8"?><testsuites name="pytest tests"><testsuite name="pytest" errors="0" failures="0" skipped="0" tests="11" time="20.286" timestamp="2026-07-20T13:44:38.983874+00:00" hostname="agent-env-b3cdef36-f4bc-40ce-8fca-017e53ea9467"><testcase classname="backend.tests.test_iter14_calculations" name="test_1_pure_iva_22_no_withholding" time="2.238" /><testcase classname="backend.tests.test_iter14_calculations" name="test_2_iva_and_withholding_rounding" time="1.878" /><testcase classname="backend.tests.test_iter14_calculations" name="test_3_no_vat_no_withholding" time="1.647" /><testcase classname="backend.tests.test_iter14_calculations" name="test_4_materials_pro_rata_distribution" time="1.721" /><testcase classname="backend.tests.test_iter14_calculations" name="test_5_advances_NOT_subtracted_from_balance" time="1.793" /><testcase classname="backend.tests.test_iter14_calculations" name="test_6_yearly_balance_is_sum_of_monthly" time="2.025" /><testcase classname="backend.tests.test_iter14_calculations" name="test_7_pending_client_excluded" time="1.853" /><testcase classname="backend.tests.test_iter14_calculations" name="test_8_preventivo_in_quotes_not_in_imponibile" time="2.016" /><testcase classname="backend.tests.test_iter14_calculations" name="test_9_best_worst_month" time="1.850" /><testcase classname="backend.tests.test_iter14_calculations" name="test_10_legacy_client_no_payments_array" time="1.606" /><testcase classname="backend.tests.test_iter14_calculations" name="test_11_incassi_by_method_split_and_margine" time="1.546" /></testsuite></testsuites>