<?xml version="1.0" encoding="utf-8"?><testsuites name="pytest tests"><testsuite name="pytest" errors="0" failures="0" skipped="0" tests="15" time="4.375" timestamp="2026-08-24T14:57:29.581530+00:00" hostname="agent-env-b3cdef36-f4bc-40ce-8fca-017e53ea9467"><testcase classname="tests.test_iter19_ore_lavoro.TestSeedEmployees" name="test_auth_required" time="0.161" /><testcase classname="tests.test_iter19_ore_lavoro.TestSeedEmployees" name="test_first_get_seeds_two_employees" time="0.529" /><testcase classname="tests.test_iter19_ore_lavoro.TestSeedEmployees" name="test_second_get_does_not_reseed" time="0.062" /><testcase classname="tests.test_iter19_ore_lavoro.TestEmployeeCrud" name="test_create_update_delete" time="0.680" /><testcase classname="tests.test_iter19_ore_lavoro.TestEmployeeCrud" name="test_update_unknown_employee_404" time="0.065" /><testcase classname="tests.test_iter19_ore_lavoro.TestEmployeeCrud" name="test_delete_unknown_employee_404" time="0.066" /><testcase classname="tests.test_iter19_ore_lavoro.TestEmployeeCrud" name="test_create_employee_missing_name_422" time="0.064" /><testcase classname="tests.test_iter19_ore_lavoro.TestTimeEntries" name="test_create_entry" time="0.132" /><testcase classname="tests.test_iter19_ore_lavoro.TestTimeEntries" name="test_create_entry_unknown_employee_404" time="0.068" /><testcase classname="tests.test_iter19_ore_lavoro.TestTimeEntries" name="test_clock_out_via_put" time="0.134" /><testcase classname="tests.test_iter19_ore_lavoro.TestTimeEntries" name="test_put_unknown_entry_404" time="0.066" /><testcase classname="tests.test_iter19_ore_lavoro.TestTimeEntries" name="test_filter_by_date_and_range" time="0.431" /><testcase classname="tests.test_iter19_ore_lavoro.TestTimeEntries" name="test_delete_entry" time="0.562" /><testcase classname="tests.test_iter19_ore_lavoro.TestUserScoping" name="test_users_do_not_see_each_other" time="1.148" /><testcase classname="tests.test_iter19_ore_lavoro.TestUserScoping" name="test_a_cannot_create_entry_for_b_employee" time="0.137" /></testsuite></testsuites>