<?xml version="1.0" encoding="utf-8"?><testsuites name="pytest tests"><testsuite name="pytest" errors="0" failures="0" skipped="0" tests="132" time="115.781" timestamp="2026-07-02T09:19:26.065280+00:00" hostname="agent-env-b3cdef36-f4bc-40ce-8fca-017e53ea9467"><testcase classname="backend.tests.backend_test.TestAuthGates" name="test_root_health_unauth" time="0.252" /><testcase classname="backend.tests.backend_test.TestAuthGates" name="test_me_no_token" time="0.094" /><testcase classname="backend.tests.backend_test.TestAuthGates" name="test_clients_no_token" time="0.100" /><testcase classname="backend.tests.backend_test.TestAuthGates" name="test_clients_invalid_token" time="0.095" /><testcase classname="backend.tests.backend_test.TestAuthGates" name="test_me_with_valid_token" time="0.535" /><testcase classname="backend.tests.backend_test.TestClientsCRUD" name="test_create_get_update_delete" time="0.350" /><testcase classname="backend.tests.backend_test.TestClientsCRUD" name="test_update_nonexistent_client" time="0.100" /><testcase classname="backend.tests.backend_test.TestClientsCRUD" name="test_delete_nonexistent_client" time="0.094" /><testcase classname="backend.tests.backend_test.TestExpensesCRUD" name="test_create_get_update_delete" time="0.231" /><testcase classname="backend.tests.backend_test.TestAdvancesCRUD" name="test_create_get_delete" time="0.241" /><testcase classname="backend.tests.backend_test.TestSummary" name="test_summary_aggregates" time="0.656" /><testcase classname="backend.tests.backend_test.TestIsolation" name="test_user_b_cannot_see_user_a_data" time="0.722" /><testcase classname="backend.tests.backend_test.TestClientSearch" name="test_search_requires_auth" time="0.092" /><testcase classname="backend.tests.backend_test.TestClientSearch" name="test_search_short_query_returns_empty" time="0.149" /><testcase classname="backend.tests.backend_test.TestClientSearch" name="test_search_matches_name_address_phone" time="0.450" /><testcase classname="backend.tests.backend_test.TestClientSearch" name="test_search_sorted_by_date_desc_and_max_50" time="0.371" /><testcase classname="backend.tests.backend_test.TestClientSearch" name="test_search_isolation_between_users" time="0.289" /><testcase classname="backend.tests.backend_test.TestAdvancesByWorker" name="test_requires_auth" time="0.098" /><testcase classname="backend.tests.backend_test.TestAdvancesByWorker" name="test_aggregation_and_isolation" time="0.824" /><testcase classname="backend.tests.backend_test.TestAdvancesByWorker" name="test_empty_month_returns_empty_list" time="0.105" /><testcase classname="backend.tests.backend_test.TestRecurringExpenses" name="test_list_requires_auth" time="0.103" /><testcase classname="backend.tests.backend_test.TestRecurringExpenses" name="test_apply_requires_auth" time="0.089" /><testcase classname="backend.tests.backend_test.TestRecurringExpenses" name="test_crud_template_per_user_isolation" time="0.669" /><testcase classname="backend.tests.backend_test.TestRecurringExpenses" name="test_apply_is_idempotent_and_recreates_after_delete" time="0.604" /><testcase classname="backend.tests.backend_test.TestRecurringExpenses" name="test_apply_no_templates_returns_zero" time="0.145" /><testcase classname="backend.tests.backend_test.TestRecurringExpenses" name="test_legacy_expense_without_recurring_id_loads_ok" time="0.186" /><testcase classname="backend.tests.backend_test.TestUnpaidClients" name="test_unpaid_no_token" time="0.095" /><testcase classname="backend.tests.backend_test.TestUnpaidClients" name="test_unpaid_invalid_token" time="0.093" /><testcase classname="backend.tests.backend_test.TestUnpaidClients" name="test_unpaid_logic_and_math" time="0.716" /><testcase classname="backend.tests.backend_test.TestUnpaidClients" name="test_unpaid_user_isolation" time="0.282" /><testcase classname="backend.tests.backend_test.TestUnpaidClients" name="test_unpaid_zero_balance_excluded" time="0.191" /><testcase classname="backend.tests.backend_test.TestMaterials" name="test_create_client_with_materials_and_persistence" time="0.218" /><testcase classname="backend.tests.backend_test.TestMaterials" name="test_legacy_client_without_materials_field" time="0.188" /><testcase classname="backend.tests.backend_test.TestMaterials" name="test_update_client_add_remove_materials" time="0.272" /><testcase classname="backend.tests.backend_test.TestMaterials" name="test_material_zero_amount_with_description_persists" time="0.140" /><testcase classname="backend.tests.backend_test.TestMaterials" name="test_material_invalid_or_missing_source_defaults" time="0.180" /><testcase classname="backend.tests.backend_test.TestMaterials" name="test_unpaid_returns_materials_total_and_expected_margin" time="0.186" /><testcase classname="backend.tests.backend_test.TestMaterials" name="test_summary_total_materials_and_by_source" time="0.412" /><testcase classname="backend.tests.backend_test.TestMaterials" name="test_summary_no_materials_legacy_clients_balance_unchanged" time="0.186" /><testcase classname="backend.tests.backend_test.TestMaterials" name="test_materials_user_isolation" time="0.323" /><testcase classname="backend.tests.backend_test.TestMaterials" name="test_preventivo_with_materials_no_payments_not_in_unpaid" time="0.180" /><testcase classname="backend.tests.backend_test.TestProssimiLavori" name="test_pending_list_requires_auth" time="0.098" /><testcase classname="backend.tests.backend_test.TestProssimiLavori" name="test_execute_requires_auth" time="0.096" /><testcase classname="backend.tests.backend_test.TestProssimiLavori" name="test_create_pending_client_persists_flag" time="0.307" /><testcase classname="backend.tests.backend_test.TestProssimiLavori" name="test_default_pending_is_false_backward_compat" time="0.255" /><testcase classname="backend.tests.backend_test.TestProssimiLavori" name="test_pending_sort_order_date_then_created_at" time="0.384" /><testcase classname="backend.tests.backend_test.TestProssimiLavori" name="test_execute_with_explicit_date_moves_to_agenda" time="0.268" /><testcase classname="backend.tests.backend_test.TestProssimiLavori" name="test_execute_without_date_defaults_today_utc" time="0.189" /><testcase classname="backend.tests.backend_test.TestProssimiLavori" name="test_execute_404_when_not_pending" time="0.217" /><testcase classname="backend.tests.backend_test.TestProssimiLavori" name="test_execute_404_for_nonexistent" time="0.094" /><testcase classname="backend.tests.backend_test.TestProssimiLavori" name="test_pending_isolation_between_users" time="0.380" /><testcase classname="backend.tests.backend_test.TestProssimiLavori" name="test_unpaid_excludes_pending" time="0.186" /><testcase classname="backend.tests.backend_test.TestProssimiLavori" name="test_summary_excludes_pending" time="0.277" /><testcase classname="backend.tests.backend_test.TestProssimiLavori" name="test_round_trip_pending_to_agenda_preserves_scheda" time="0.193" /><testcase classname="backend.tests.backend_test.TestProssimiLavori" name="test_search_may_include_pending" time="0.179" /><testcase classname="backend.tests.backend_test.TestProssimiLavori" name="test_toggle_pending_off_via_put_moves_to_agenda" time="0.268" /><testcase classname="backend.tests.backend_test.TestClientsRange" name="test_range_within_single_month" time="36.158" /><testcase classname="backend.tests.backend_test.TestClientsRange" name="test_range_spanning_two_months" time="0.737" /><testcase classname="backend.tests.backend_test.TestClientsRange" name="test_range_excludes_pending" time="0.381" /><testcase classname="backend.tests.backend_test.TestClientsRange" name="test_date_param_takes_precedence_over_range" time="0.373" /><testcase classname="backend.tests.backend_test.TestClientsRange" name="test_range_takes_precedence_over_month" time="0.336" /><testcase classname="backend.tests.backend_test.TestClientsRange" name="test_range_user_isolation" time="8.727" /><testcase classname="backend.tests.backend_test.TestIdempotency" name="test_client_post_with_explicit_id_uses_that_id" time="0.152" /><testcase classname="backend.tests.backend_test.TestIdempotency" name="test_client_post_without_id_still_generates_uuid" time="0.140" /><testcase classname="backend.tests.backend_test.TestIdempotency" name="test_client_repeat_post_same_id_idempotent" time="0.227" /><testcase classname="backend.tests.backend_test.TestIdempotency" name="test_expense_post_idempotent" time="0.227" /><testcase classname="backend.tests.backend_test.TestIdempotency" name="test_advance_post_idempotent" time="0.244" /><testcase classname="backend.tests.backend_test.TestIdempotency" name="test_idempotency_scoped_per_user" time="20.068" /><testcase classname="backend.tests.backend_test.TestIdempotency" name="test_drain_replay_header_accepted" time="0.222" /><testcase classname="backend.tests.backend_test.TestYearlySummary" name="test_year_endpoint_shape" time="0.109" /><testcase classname="backend.tests.backend_test.TestYearlySummary" name="test_year_empty_returns_nulls" time="0.106" /><testcase classname="backend.tests.backend_test.TestYearlySummary" name="test_year_totals_match_sum_of_months" time="0.381" /><testcase classname="backend.tests.backend_test.TestYearlySummary" name="test_year_best_worst_excludes_empty_months" time="0.191" /><testcase classname="backend.tests.backend_test.TestYearlySummary" name="test_year_user_isolation" time="0.304" /><testcase classname="backend.tests.backend_test.TestYearlySummary" name="test_year_unauth" time="0.092" /><testcase classname="backend.tests.test_edge_cases_iter11.TestSpecialChars" name="test_apostrophe_in_name" time="0.789" /><testcase classname="backend.tests.test_edge_cases_iter11.TestSpecialChars" name="test_double_quote_in_name" time="0.133" /><testcase classname="backend.tests.test_edge_cases_iter11.TestSpecialChars" name="test_special_address_encodes_for_maps" time="0.088" /><testcase classname="backend.tests.test_edge_cases_iter11.TestZeroAmount" name="test_zero_amount_with_materials_summary" time="0.176" /><testcase classname="backend.tests.test_edge_cases_iter11.TestEccedenza" name="test_overpayment_not_in_unpaid" time="0.256" /><testcase classname="backend.tests.test_edge_cases_iter11.TestPendingPreservation" name="test_pending_executed_keeps_materials_and_payments" time="0.391" /><testcase classname="backend.tests.test_edge_cases_iter11.TestCrossMonthIsolation" name="test_january_client_not_in_previous_december" time="0.258" /><testcase classname="backend.tests.test_edge_cases_iter11.TestFutureEmptyYear" name="test_year_2030_returns_12_empty_months" time="0.054" /><testcase classname="backend.tests.test_edge_cases_iter11.TestReverseRange" name="test_invalid_reverse_range_returns_empty" time="0.053" /><testcase classname="backend.tests.test_edge_cases_iter11.TestSearchIncludesPending" name="test_search_returns_both_pending_and_non_pending" time="0.219" /><testcase classname="backend.tests.test_edge_cases_iter11.TestPnLFormula" name="test_balance_1000_minus_50_minus_200_minus_100_equals_650" time="0.390" /><testcase classname="backend.tests.test_edge_cases_iter11.TestRevokedToken" name="test_garbage_token_returns_401" time="0.137" /><testcase classname="backend.tests.test_iter12_awaiting_iva.TestAuthGates" name="test_no_token_protected_endpoints_return_401_or_403" time="1.137" /><testcase classname="backend.tests.test_iter12_awaiting_iva.TestAwaitingPendingEndpoints" name="test_awaiting_only_returns_pending_and_awaiting" time="0.589" /><testcase classname="backend.tests.test_iter12_awaiting_iva.TestAwaitingPendingEndpoints" name="test_pending_excludes_awaiting" time="0.520" /><testcase classname="backend.tests.test_iter12_awaiting_iva.TestReorder" name="test_reorder_awaiting_updates_sort_order" time="0.582" /><testcase classname="backend.tests.test_iter12_awaiting_iva.TestReorder" name="test_reorder_pending_updates_sort_order" time="0.523" /><testcase classname="backend.tests.test_iter12_awaiting_iva.TestExecutePending" name="test_execute_clears_awaiting_and_moves_to_agenda" time="0.544" /><testcase classname="backend.tests.test_iter12_awaiting_iva.TestClientFields" name="test_create_accepts_awaiting_materials_and_sort_order" time="0.296" /><testcase classname="backend.tests.test_iter12_awaiting_iva.TestClientFields" name="test_update_persists_awaiting_materials" time="0.336" /><testcase classname="backend.tests.test_iter12_awaiting_iva.TestRouteOrdering" name="test_clients_awaiting_not_captured_by_dynamic_route" time="0.248" /><testcase classname="backend.tests.test_iter12_awaiting_iva.TestRouteOrdering" name="test_clients_pending_not_captured_by_dynamic_route" time="0.228" /><testcase classname="backend.tests.test_iter12_awaiting_iva.TestIVASplit" name="test_summary_exposes_new_fields" time="0.326" /><testcase classname="backend.tests.test_iter12_awaiting_iva.TestIVASplit" name="test_forfettario_no_vat_no_withholding" time="0.321" /><testcase classname="backend.tests.test_iter12_awaiting_iva.TestIVASplit" name="test_iva22_no_withholding" time="0.332" /><testcase classname="backend.tests.test_iter12_awaiting_iva.TestIVASplit" name="test_iva22_with_withholding20" time="0.321" /><testcase classname="backend.tests.test_iter12_awaiting_iva.TestIVASplit" name="test_summary_balance_uses_imponibile_not_gross" time="0.373" /><testcase classname="backend.tests.test_iter12_awaiting_iva.TestPaymentsByMethod" name="test_payments_by_method_exposes_breakdown" time="0.399" /><testcase classname="backend.tests.test_iter12_awaiting_iva.TestPaymentsByMethod" name="test_payments_by_method_invalid_method_400" time="0.230" /><testcase classname="backend.tests.test_iter12_awaiting_iva.TestMaterialsProRata" name="test_materials_distributed_pro_rata_across_payments" time="0.369" /><testcase classname="backend.tests.test_iter12_awaiting_iva.TestDeleteSinglePayment" name="test_delete_payment_removes_only_target" time="0.391" /><testcase classname="backend.tests.test_iter12_awaiting_iva.TestDeleteSinglePayment" name="test_delete_payment_not_found" time="0.321" /><testcase classname="backend.tests.test_iter12_awaiting_iva.TestDeleteSinglePayment" name="test_delete_payment_client_not_found" time="0.225" /><testcase classname="backend.tests.test_iter13_balance_no_advances.TestBalanceNoAdvances" name="test_balance_formula_excludes_advances" time="1.444" /><testcase classname="backend.tests.test_iter13_balance_no_advances.TestBalanceNoAdvances" name="test_balance_no_advances_when_only_expenses" time="0.905" /><testcase classname="backend.tests.test_iter13_balance_no_advances.TestBalanceNoAdvances" name="test_balance_zero_when_only_advances" time="0.847" /><testcase classname="backend.tests.test_iter13_balance_no_advances.TestYearlySummary" name="test_yearly_summary_sums_monthly_balances_without_advances" time="1.012" /><testcase classname="backend.tests.test_iter13_balance_no_advances.TestIvaScorporo" name="test_iva_split_no_withholding" time="0.952" /><testcase classname="backend.tests.test_iter13_balance_no_advances.TestIvaScorporo" name="test_iva_split_with_withholding" time="0.833" /><testcase classname="backend.tests.test_iter13_balance_no_advances.TestIvaScorporo" name="test_null_vat_and_withholding" time="0.960" /><testcase classname="backend.tests.test_iter13_balance_no_advances.TestMargineByMethod" name="test_margine_by_method_single_payment" time="1.028" /><testcase classname="backend.tests.test_iter13_balance_no_advances.TestMargineByMethod" name="test_margine_pro_quota_two_payments" time="0.874" /><testcase classname="backend.tests.test_iter13_balance_no_advances.TestPaymentsByMethodFields" name="test_payment_has_margin_imponibile_iva_materials_share" time="0.923" /><testcase classname="backend.tests.test_iter13_balance_no_advances.TestAuthGates" name="test_protected_endpoints_return_403_without_token" time="1.397" /><testcase classname="backend.tests.test_iter13_balance_no_advances.TestPendingAwaitingSplit" name="test_awaiting_and_pending_exclusive" time="1.175" /><testcase classname="backend.tests.test_iter13_balance_no_advances.TestReorder" name="test_reorder_awaiting_persists_sort_order" time="1.002" /><testcase classname="backend.tests.test_iter13_balance_no_advances.TestReorder" name="test_reorder_pending_persists_sort_order" time="1.061" /><testcase classname="backend.tests.test_iter13_balance_no_advances.TestDeletePayment" name="test_delete_single_payment_leaves_others" time="0.842" /><testcase classname="backend.tests.test_iter13_balance_no_advances.TestExecutePending" name="test_execute_clears_pending_and_awaiting" time="0.868" /><testcase classname="backend.tests.test_iter13_balance_no_advances.TestAppointment" name="test_appointment_at_and_note_roundtrip" time="0.822" /><testcase classname="backend.tests.test_iter13_balance_no_advances.TestUnpaidExpectedMargin" name="test_expected_margin_imponibile_minus_materials" time="0.771" /><testcase classname="backend.tests.test_iter13_balance_no_advances.TestMaterialsBySourceNotDoubleCounted" name="test_materials_separate_from_expenses" time="1.055" /><testcase classname="backend.tests.test_iter13_balance_no_advances.TestQuotePreventivo" name="test_preventivo_no_payments_in_quotes_not_incassi" time="0.838" /><testcase classname="backend.tests.test_iva_split" name="test_split_iva_no_ritenuta" time="0.384" /><testcase classname="backend.tests.test_iva_split" name="test_split_iva_with_ritenuta" time="0.000" /><testcase classname="backend.tests.test_iva_split" name="test_split_no_iva" time="0.000" /><testcase classname="backend.tests.test_iva_split" name="test_split_iva_10_percent" time="0.000" /></testsuite></testsuites>