<?xml version="1.0" encoding="utf-8"?><testsuites name="pytest tests"><testsuite name="pytest" errors="0" failures="0" skipped="0" tests="9" time="11.863" timestamp="2026-07-21T11:42:49.178669+00:00" hostname="agent-env-b3cdef36-f4bc-40ce-8fca-017e53ea9467"><testcase classname="backend.tests.test_iter15_preventivo_materials" name="test_p1_preventivo_materials_do_not_affect_balance" time="1.783" /><testcase classname="backend.tests.test_iter15_preventivo_materials" name="test_p2_executed_client_materials_still_counted" time="1.126" /><testcase classname="backend.tests.test_iter15_preventivo_materials" name="test_p3_pending_client_still_excluded" time="1.079" /><testcase classname="backend.tests.test_iter15_preventivo_materials" name="test_p4_ui_backend_coherence_5_mixed_clients" time="1.807" /><testcase classname="backend.tests.test_iter15_preventivo_materials" name="test_p5_preventivo_becomes_executed_materials_now_count" time="1.363" /><testcase classname="backend.tests.test_iter15_preventivo_materials" name="test_p6_preventivo_with_acconto_counts_materials" time="1.180" /><testcase classname="backend.tests.test_iter15_preventivo_materials" name="test_p7_yearly_summary_reflects_fix" time="1.134" /><testcase classname="backend.tests.test_iter15_preventivo_materials" name="test_p8_materials_by_source_excludes_preventivo" time="1.118" /><testcase classname="backend.tests.test_iter15_preventivo_materials" name="test_p9_user_scenario_alessandra_ugolini" time="1.204" /></testsuite></testsuites>