<?xml version="1.0" encoding="utf-8"?><testsuites name="pytest tests"><testsuite name="pytest" errors="0" failures="0" skipped="0" tests="15" time="5.222" timestamp="2026-08-24T14:47:39.637519+00:00" hostname="agent-env-b3cdef36-f4bc-40ce-8fca-017e53ea9467"><testcase classname="tests.test_iter19_ore_lavoro.TestSeedEmployees" name="test_auth_required" time="0.392" /><testcase classname="tests.test_iter19_ore_lavoro.TestSeedEmployees" name="test_first_get_seeds_two_employees" time="0.593" /><testcase classname="tests.test_iter19_ore_lavoro.TestSeedEmployees" name="test_second_get_does_not_reseed" time="0.090" /><testcase classname="tests.test_iter19_ore_lavoro.TestEmployeeCrud" name="test_create_update_delete" time="1.128" /><testcase classname="tests.test_iter19_ore_lavoro.TestEmployeeCrud" name="test_update_unknown_employee_404" time="0.083" /><testcase classname="tests.test_iter19_ore_lavoro.TestEmployeeCrud" name="test_delete_unknown_employee_404" time="0.087" /><testcase classname="tests.test_iter19_ore_lavoro.TestEmployeeCrud" name="test_create_employee_missing_name_422" time="0.071" /><testcase classname="tests.test_iter19_ore_lavoro.TestTimeEntries" name="test_create_entry" time="0.153" /><testcase classname="tests.test_iter19_ore_lavoro.TestTimeEntries" name="test_create_entry_unknown_employee_404" time="0.073" /><testcase classname="tests.test_iter19_ore_lavoro.TestTimeEntries" name="test_clock_out_via_put" time="0.158" /><testcase classname="tests.test_iter19_ore_lavoro.TestTimeEntries" name="test_put_unknown_entry_404" time="0.072" /><testcase classname="tests.test_iter19_ore_lavoro.TestTimeEntries" name="test_filter_by_date_and_range" time="0.407" /><testcase classname="tests.test_iter19_ore_lavoro.TestTimeEntries" name="test_delete_entry" time="0.527" /><testcase classname="tests.test_iter19_ore_lavoro.TestUserScoping" name="test_users_do_not_see_each_other" time="1.132" /><testcase classname="tests.test_iter19_ore_lavoro.TestUserScoping" name="test_a_cannot_create_entry_for_b_employee" time="0.159" /></testsuite></testsuites>