<?xml version="1.0" encoding="utf-8"?><testsuites name="pytest tests"><testsuite name="pytest" errors="0" failures="0" skipped="0" tests="21" time="10.841" timestamp="2026-06-08T17:03:12.595101+00:00" hostname="agent-env-b3cdef36-f4bc-40ce-8fca-017e53ea9467"><testcase classname="backend.tests.test_iter12_awaiting_iva.TestAuthGates" name="test_no_token_protected_endpoints_return_401_or_403" time="1.882" /><testcase classname="backend.tests.test_iter12_awaiting_iva.TestAwaitingPendingEndpoints" name="test_awaiting_only_returns_pending_and_awaiting" time="0.754" /><testcase classname="backend.tests.test_iter12_awaiting_iva.TestAwaitingPendingEndpoints" name="test_pending_excludes_awaiting" time="0.466" /><testcase classname="backend.tests.test_iter12_awaiting_iva.TestReorder" name="test_reorder_awaiting_updates_sort_order" time="0.694" /><testcase classname="backend.tests.test_iter12_awaiting_iva.TestReorder" name="test_reorder_pending_updates_sort_order" time="0.568" /><testcase classname="backend.tests.test_iter12_awaiting_iva.TestExecutePending" name="test_execute_clears_awaiting_and_moves_to_agenda" time="0.618" /><testcase classname="backend.tests.test_iter12_awaiting_iva.TestClientFields" name="test_create_accepts_awaiting_materials_and_sort_order" time="0.307" /><testcase classname="backend.tests.test_iter12_awaiting_iva.TestClientFields" name="test_update_persists_awaiting_materials" time="0.398" /><testcase classname="backend.tests.test_iter12_awaiting_iva.TestRouteOrdering" name="test_clients_awaiting_not_captured_by_dynamic_route" time="0.325" /><testcase classname="backend.tests.test_iter12_awaiting_iva.TestRouteOrdering" name="test_clients_pending_not_captured_by_dynamic_route" time="0.298" /><testcase classname="backend.tests.test_iter12_awaiting_iva.TestIVASplit" name="test_summary_exposes_new_fields" time="0.405" /><testcase classname="backend.tests.test_iter12_awaiting_iva.TestIVASplit" name="test_forfettario_no_vat_no_withholding" time="0.469" /><testcase classname="backend.tests.test_iter12_awaiting_iva.TestIVASplit" name="test_iva22_no_withholding" time="0.345" /><testcase classname="backend.tests.test_iter12_awaiting_iva.TestIVASplit" name="test_iva22_with_withholding20" time="0.399" /><testcase classname="backend.tests.test_iter12_awaiting_iva.TestIVASplit" name="test_summary_balance_uses_imponibile_not_gross" time="0.480" /><testcase classname="backend.tests.test_iter12_awaiting_iva.TestPaymentsByMethod" name="test_payments_by_method_exposes_breakdown" time="0.437" /><testcase classname="backend.tests.test_iter12_awaiting_iva.TestPaymentsByMethod" name="test_payments_by_method_invalid_method_400" time="0.359" /><testcase classname="backend.tests.test_iter12_awaiting_iva.TestMaterialsProRata" name="test_materials_distributed_pro_rata_across_payments" time="0.442" /><testcase classname="backend.tests.test_iter12_awaiting_iva.TestDeleteSinglePayment" name="test_delete_payment_removes_only_target" time="0.428" /><testcase classname="backend.tests.test_iter12_awaiting_iva.TestDeleteSinglePayment" name="test_delete_payment_not_found" time="0.376" /><testcase classname="backend.tests.test_iter12_awaiting_iva.TestDeleteSinglePayment" name="test_delete_payment_client_not_found" time="0.284" /></testsuite></testsuites>