<?xml version="1.0" encoding="utf-8"?><testsuites name="pytest tests"><testsuite name="pytest" errors="0" failures="1" skipped="0" tests="12" time="3.992" timestamp="2026-05-05T16:23:29.913041+00:00" hostname="agent-env-b74a85ff-25cd-40f3-b8ad-9684642dca85"><testcase classname="tests.test_edge_cases_iter11.TestSpecialChars" name="test_apostrophe_in_name" time="0.899" /><testcase classname="tests.test_edge_cases_iter11.TestSpecialChars" name="test_double_quote_in_name" time="0.213" /><testcase classname="tests.test_edge_cases_iter11.TestSpecialChars" name="test_special_address_encodes_for_maps" time="0.137" /><testcase classname="tests.test_edge_cases_iter11.TestZeroAmount" name="test_zero_amount_with_materials_summary" time="0.324" /><testcase classname="tests.test_edge_cases_iter11.TestEccedenza" name="test_overpayment_not_in_unpaid" time="0.349" /><testcase classname="tests.test_edge_cases_iter11.TestPendingPreservation" name="test_pending_executed_keeps_materials_and_payments" time="0.561" /><testcase classname="tests.test_edge_cases_iter11.TestCrossMonthIsolation" name="test_january_client_not_in_previous_december" time="0.287" /><testcase classname="tests.test_edge_cases_iter11.TestFutureEmptyYear" name="test_year_2030_returns_12_empty_months" time="0.092" /><testcase classname="tests.test_edge_cases_iter11.TestReverseRange" name="test_invalid_reverse_range_returns_empty" time="0.095" /><testcase classname="tests.test_edge_cases_iter11.TestSearchIncludesPending" name="test_search_returns_both_pending_and_non_pending" time="0.500" /><testcase classname="tests.test_edge_cases_iter11.TestPnLFormula" name="test_balance_1000_minus_50_minus_200_minus_100_equals_650" time="0.198"><failure message="AssertionError: {&quot;detail&quot;:[{&quot;type&quot;:&quot;missing&quot;,&quot;loc&quot;:[&quot;body&quot;,&quot;category&quot;],&quot;msg&quot;:&quot;Field required&quot;,&quot;input&quot;:{&quot;description&quot;:&quot;TEST_PnLExp&quot;,&quot;amount&quot;:50,&quot;date&quot;:&quot;2026-05-11&quot;,&quot;source&quot;:&quot;contanti&quot;},&quot;url&quot;:&quot;https://errors.pydantic.dev/2.12/v/missing&quot;}]}&#10;assert 422 == 200&#10; +  where 422 = &lt;Response [422]&gt;.status_code">tests/test_edge_cases_iter11.py:338: in test_balance_1000_minus_50_minus_200_minus_100_equals_650
    assert e.status_code == 200, e.text
E   AssertionError: {"detail":[{"type":"missing","loc":["body","category"],"msg":"Field required","input":{"description":"TEST_PnLExp","amount":50,"date":"2026-05-11","source":"contanti"},"url":"https://errors.pydantic.dev/2.12/v/missing"}]}
E   assert 422 == 200
E    +  where 422 = &lt;Response [422]&gt;.status_code</failure></testcase><testcase classname="tests.test_edge_cases_iter11.TestRevokedToken" name="test_garbage_token_returns_401" time="0.223" /></testsuite></testsuites>