<?xml version="1.0" encoding="utf-8"?><testsuites name="pytest tests"><testsuite name="pytest" errors="0" failures="0" skipped="0" tests="143" time="135.659" timestamp="2026-07-20T13:45:12.885326+00:00" hostname="agent-env-b3cdef36-f4bc-40ce-8fca-017e53ea9467"><testcase classname="backend.tests.backend_test.TestAuthGates" name="test_root_health_unauth" time="0.238" /><testcase classname="backend.tests.backend_test.TestAuthGates" name="test_me_no_token" time="0.109" /><testcase classname="backend.tests.backend_test.TestAuthGates" name="test_clients_no_token" time="0.111" /><testcase classname="backend.tests.backend_test.TestAuthGates" name="test_clients_invalid_token" time="0.120" /><testcase classname="backend.tests.backend_test.TestAuthGates" name="test_me_with_valid_token" time="0.464" /><testcase classname="backend.tests.backend_test.TestClientsCRUD" name="test_create_get_update_delete" time="0.448" /><testcase classname="backend.tests.backend_test.TestClientsCRUD" name="test_update_nonexistent_client" time="0.110" /><testcase classname="backend.tests.backend_test.TestClientsCRUD" name="test_delete_nonexistent_client" time="0.162" /><testcase classname="backend.tests.backend_test.TestExpensesCRUD" name="test_create_get_update_delete" time="0.240" /><testcase classname="backend.tests.backend_test.TestAdvancesCRUD" name="test_create_get_delete" time="0.286" /><testcase classname="backend.tests.backend_test.TestSummary" name="test_summary_aggregates" time="0.604" /><testcase classname="backend.tests.backend_test.TestIsolation" name="test_user_b_cannot_see_user_a_data" time="0.732" /><testcase classname="backend.tests.backend_test.TestClientSearch" name="test_search_requires_auth" time="0.108" /><testcase classname="backend.tests.backend_test.TestClientSearch" name="test_search_short_query_returns_empty" time="0.151" /><testcase classname="backend.tests.backend_test.TestClientSearch" name="test_search_matches_name_address_phone" time="0.479" /><testcase classname="backend.tests.backend_test.TestClientSearch" name="test_search_sorted_by_date_desc_and_max_50" time="0.506" /><testcase classname="backend.tests.backend_test.TestClientSearch" name="test_search_isolation_between_users" time="0.288" /><testcase classname="backend.tests.backend_test.TestAdvancesByWorker" name="test_requires_auth" time="0.141" /><testcase classname="backend.tests.backend_test.TestAdvancesByWorker" name="test_aggregation_and_isolation" time="0.717" /><testcase classname="backend.tests.backend_test.TestAdvancesByWorker" name="test_empty_month_returns_empty_list" time="0.098" /><testcase classname="backend.tests.backend_test.TestRecurringExpenses" name="test_list_requires_auth" time="0.098" /><testcase classname="backend.tests.backend_test.TestRecurringExpenses" name="test_apply_requires_auth" time="0.100" /><testcase classname="backend.tests.backend_test.TestRecurringExpenses" name="test_crud_template_per_user_isolation" time="0.753" /><testcase classname="backend.tests.backend_test.TestRecurringExpenses" name="test_apply_is_idempotent_and_recreates_after_delete" time="0.636" /><testcase classname="backend.tests.backend_test.TestRecurringExpenses" name="test_apply_no_templates_returns_zero" time="0.151" /><testcase classname="backend.tests.backend_test.TestRecurringExpenses" name="test_legacy_expense_without_recurring_id_loads_ok" time="0.221" /><testcase classname="backend.tests.backend_test.TestUnpaidClients" name="test_unpaid_no_token" time="0.108" /><testcase classname="backend.tests.backend_test.TestUnpaidClients" name="test_unpaid_invalid_token" time="0.115" /><testcase classname="backend.tests.backend_test.TestUnpaidClients" name="test_unpaid_logic_and_math" time="0.634" /><testcase classname="backend.tests.backend_test.TestUnpaidClients" name="test_unpaid_user_isolation" time="0.295" /><testcase classname="backend.tests.backend_test.TestUnpaidClients" name="test_unpaid_zero_balance_excluded" time="0.198" /><testcase classname="backend.tests.backend_test.TestMaterials" name="test_create_client_with_materials_and_persistence" time="0.185" /><testcase classname="backend.tests.backend_test.TestMaterials" name="test_legacy_client_without_materials_field" time="0.223" /><testcase classname="backend.tests.backend_test.TestMaterials" name="test_update_client_add_remove_materials" time="0.271" /><testcase classname="backend.tests.backend_test.TestMaterials" name="test_material_zero_amount_with_description_persists" time="0.161" /><testcase classname="backend.tests.backend_test.TestMaterials" name="test_material_invalid_or_missing_source_defaults" time="0.258" /><testcase classname="backend.tests.backend_test.TestMaterials" name="test_unpaid_returns_materials_total_and_expected_margin" time="0.218" /><testcase classname="backend.tests.backend_test.TestMaterials" name="test_summary_total_materials_and_by_source" time="0.383" /><testcase classname="backend.tests.backend_test.TestMaterials" name="test_summary_no_materials_legacy_clients_balance_unchanged" time="0.215" /><testcase classname="backend.tests.backend_test.TestMaterials" name="test_materials_user_isolation" time="0.336" /><testcase classname="backend.tests.backend_test.TestMaterials" name="test_preventivo_with_materials_no_payments_not_in_unpaid" time="0.237" /><testcase classname="backend.tests.backend_test.TestProssimiLavori" name="test_pending_list_requires_auth" time="0.101" /><testcase classname="backend.tests.backend_test.TestProssimiLavori" name="test_execute_requires_auth" time="0.098" /><testcase classname="backend.tests.backend_test.TestProssimiLavori" name="test_create_pending_client_persists_flag" time="0.273" /><testcase classname="backend.tests.backend_test.TestProssimiLavori" name="test_default_pending_is_false_backward_compat" time="0.254" /><testcase classname="backend.tests.backend_test.TestProssimiLavori" name="test_pending_sort_order_date_then_created_at" time="0.360" /><testcase classname="backend.tests.backend_test.TestProssimiLavori" name="test_execute_with_explicit_date_moves_to_agenda" time="0.284" /><testcase classname="backend.tests.backend_test.TestProssimiLavori" name="test_execute_without_date_defaults_today_utc" time="0.202" /><testcase classname="backend.tests.backend_test.TestProssimiLavori" name="test_execute_404_when_not_pending" time="0.192" /><testcase classname="backend.tests.backend_test.TestProssimiLavori" name="test_execute_404_for_nonexistent" time="0.100" /><testcase classname="backend.tests.backend_test.TestProssimiLavori" name="test_pending_isolation_between_users" time="0.414" /><testcase classname="backend.tests.backend_test.TestProssimiLavori" name="test_unpaid_excludes_pending" time="0.189" /><testcase classname="backend.tests.backend_test.TestProssimiLavori" name="test_summary_excludes_pending" time="0.334" /><testcase classname="backend.tests.backend_test.TestProssimiLavori" name="test_round_trip_pending_to_agenda_preserves_scheda" time="0.191" /><testcase classname="backend.tests.backend_test.TestProssimiLavori" name="test_search_may_include_pending" time="0.200" /><testcase classname="backend.tests.backend_test.TestProssimiLavori" name="test_toggle_pending_off_via_put_moves_to_agenda" time="0.401" /><testcase classname="backend.tests.backend_test.TestClientsRange" name="test_range_within_single_month" time="0.398" /><testcase classname="backend.tests.backend_test.TestClientsRange" name="test_range_spanning_two_months" time="0.547" /><testcase classname="backend.tests.backend_test.TestClientsRange" name="test_range_excludes_pending" time="0.314" /><testcase classname="backend.tests.backend_test.TestClientsRange" name="test_date_param_takes_precedence_over_range" time="0.287" /><testcase classname="backend.tests.backend_test.TestClientsRange" name="test_range_takes_precedence_over_month" time="0.324" /><testcase classname="backend.tests.backend_test.TestClientsRange" name="test_range_user_isolation" time="0.414" /><testcase classname="backend.tests.backend_test.TestIdempotency" name="test_client_post_with_explicit_id_uses_that_id" time="0.149" /><testcase classname="backend.tests.backend_test.TestIdempotency" name="test_client_post_without_id_still_generates_uuid" time="0.145" /><testcase classname="backend.tests.backend_test.TestIdempotency" name="test_client_repeat_post_same_id_idempotent" time="0.321" /><testcase classname="backend.tests.backend_test.TestIdempotency" name="test_expense_post_idempotent" time="0.241" /><testcase classname="backend.tests.backend_test.TestIdempotency" name="test_advance_post_idempotent" time="0.244" /><testcase classname="backend.tests.backend_test.TestIdempotency" name="test_idempotency_scoped_per_user" time="0.347" /><testcase classname="backend.tests.backend_test.TestIdempotency" name="test_drain_replay_header_accepted" time="0.185" /><testcase classname="backend.tests.backend_test.TestYearlySummary" name="test_year_endpoint_shape" time="0.115" /><testcase classname="backend.tests.backend_test.TestYearlySummary" name="test_year_empty_returns_nulls" time="0.122" /><testcase classname="backend.tests.backend_test.TestYearlySummary" name="test_year_totals_match_sum_of_months" time="0.389" /><testcase classname="backend.tests.backend_test.TestYearlySummary" name="test_year_best_worst_excludes_empty_months" time="0.202" /><testcase classname="backend.tests.backend_test.TestYearlySummary" name="test_year_user_isolation" time="0.314" /><testcase classname="backend.tests.backend_test.TestYearlySummary" name="test_year_unauth" time="0.137" /><testcase classname="backend.tests.test_edge_cases_iter11.TestSpecialChars" name="test_apostrophe_in_name" time="0.697" /><testcase classname="backend.tests.test_edge_cases_iter11.TestSpecialChars" name="test_double_quote_in_name" time="0.151" /><testcase classname="backend.tests.test_edge_cases_iter11.TestSpecialChars" name="test_special_address_encodes_for_maps" time="0.110" /><testcase classname="backend.tests.test_edge_cases_iter11.TestZeroAmount" name="test_zero_amount_with_materials_summary" time="0.187" /><testcase classname="backend.tests.test_edge_cases_iter11.TestEccedenza" name="test_overpayment_not_in_unpaid" time="0.186" /><testcase classname="backend.tests.test_edge_cases_iter11.TestPendingPreservation" name="test_pending_executed_keeps_materials_and_payments" time="0.342" /><testcase classname="backend.tests.test_edge_cases_iter11.TestCrossMonthIsolation" name="test_january_client_not_in_previous_december" time="0.185" /><testcase classname="backend.tests.test_edge_cases_iter11.TestFutureEmptyYear" name="test_year_2030_returns_12_empty_months" time="0.060" /><testcase classname="backend.tests.test_edge_cases_iter11.TestReverseRange" name="test_invalid_reverse_range_returns_empty" time="0.048" /><testcase classname="backend.tests.test_edge_cases_iter11.TestSearchIncludesPending" name="test_search_returns_both_pending_and_non_pending" time="0.229" /><testcase classname="backend.tests.test_edge_cases_iter11.TestPnLFormula" name="test_balance_1000_minus_50_minus_200_minus_100_equals_650" time="0.324" /><testcase classname="backend.tests.test_edge_cases_iter11.TestRevokedToken" name="test_garbage_token_returns_401" time="0.155" /><testcase classname="backend.tests.test_iter12_awaiting_iva.TestAuthGates" name="test_no_token_protected_endpoints_return_401_or_403" time="1.171" /><testcase classname="backend.tests.test_iter12_awaiting_iva.TestAwaitingPendingEndpoints" name="test_awaiting_only_returns_pending_and_awaiting" time="0.563" /><testcase classname="backend.tests.test_iter12_awaiting_iva.TestAwaitingPendingEndpoints" name="test_pending_excludes_awaiting" time="0.424" /><testcase classname="backend.tests.test_iter12_awaiting_iva.TestReorder" name="test_reorder_awaiting_updates_sort_order" time="0.542" /><testcase classname="backend.tests.test_iter12_awaiting_iva.TestReorder" name="test_reorder_pending_updates_sort_order" time="0.511" /><testcase classname="backend.tests.test_iter12_awaiting_iva.TestExecutePending" name="test_execute_clears_awaiting_and_moves_to_agenda" time="0.468" /><testcase classname="backend.tests.test_iter12_awaiting_iva.TestClientFields" name="test_create_accepts_awaiting_materials_and_sort_order" time="0.313" /><testcase classname="backend.tests.test_iter12_awaiting_iva.TestClientFields" name="test_update_persists_awaiting_materials" time="36.442" /><testcase classname="backend.tests.test_iter12_awaiting_iva.TestRouteOrdering" name="test_clients_awaiting_not_captured_by_dynamic_route" time="0.422" /><testcase classname="backend.tests.test_iter12_awaiting_iva.TestRouteOrdering" name="test_clients_pending_not_captured_by_dynamic_route" time="6.445" /><testcase classname="backend.tests.test_iter12_awaiting_iva.TestIVASplit" name="test_summary_exposes_new_fields" time="0.353" /><testcase classname="backend.tests.test_iter12_awaiting_iva.TestIVASplit" name="test_forfettario_no_vat_no_withholding" time="0.386" /><testcase classname="backend.tests.test_iter12_awaiting_iva.TestIVASplit" name="test_iva22_no_withholding" time="20.053" /><testcase classname="backend.tests.test_iter12_awaiting_iva.TestIVASplit" name="test_iva22_with_withholding20" time="0.397" /><testcase classname="backend.tests.test_iter12_awaiting_iva.TestIVASplit" name="test_summary_balance_uses_imponibile_not_gross" time="0.384" /><testcase classname="backend.tests.test_iter12_awaiting_iva.TestPaymentsByMethod" name="test_payments_by_method_exposes_breakdown" time="0.448" /><testcase classname="backend.tests.test_iter12_awaiting_iva.TestPaymentsByMethod" name="test_payments_by_method_invalid_method_400" time="0.239" /><testcase classname="backend.tests.test_iter12_awaiting_iva.TestMaterialsProRata" name="test_materials_distributed_pro_rata_across_payments" time="0.430" /><testcase classname="backend.tests.test_iter12_awaiting_iva.TestDeleteSinglePayment" name="test_delete_payment_removes_only_target" time="0.382" /><testcase classname="backend.tests.test_iter12_awaiting_iva.TestDeleteSinglePayment" name="test_delete_payment_not_found" time="0.331" /><testcase classname="backend.tests.test_iter12_awaiting_iva.TestDeleteSinglePayment" name="test_delete_payment_client_not_found" time="0.248" /><testcase classname="backend.tests.test_iter13_balance_no_advances.TestBalanceNoAdvances" name="test_balance_formula_excludes_advances" time="1.322" /><testcase classname="backend.tests.test_iter13_balance_no_advances.TestBalanceNoAdvances" name="test_balance_no_advances_when_only_expenses" time="1.072" /><testcase classname="backend.tests.test_iter13_balance_no_advances.TestBalanceNoAdvances" name="test_balance_zero_when_only_advances" time="0.995" /><testcase classname="backend.tests.test_iter13_balance_no_advances.TestYearlySummary" name="test_yearly_summary_sums_monthly_balances_without_advances" time="0.999" /><testcase classname="backend.tests.test_iter13_balance_no_advances.TestIvaScorporo" name="test_iva_split_no_withholding" time="0.817" /><testcase classname="backend.tests.test_iter13_balance_no_advances.TestIvaScorporo" name="test_iva_split_with_withholding" time="1.226" /><testcase classname="backend.tests.test_iter13_balance_no_advances.TestIvaScorporo" name="test_null_vat_and_withholding" time="0.796" /><testcase classname="backend.tests.test_iter13_balance_no_advances.TestMargineByMethod" name="test_margine_by_method_single_payment" time="0.763" /><testcase classname="backend.tests.test_iter13_balance_no_advances.TestMargineByMethod" name="test_margine_pro_quota_two_payments" time="0.802" /><testcase classname="backend.tests.test_iter13_balance_no_advances.TestPaymentsByMethodFields" name="test_payment_has_margin_imponibile_iva_materials_share" time="1.050" /><testcase classname="backend.tests.test_iter13_balance_no_advances.TestAuthGates" name="test_protected_endpoints_return_403_without_token" time="1.490" /><testcase classname="backend.tests.test_iter13_balance_no_advances.TestPendingAwaitingSplit" name="test_awaiting_and_pending_exclusive" time="0.898" /><testcase classname="backend.tests.test_iter13_balance_no_advances.TestReorder" name="test_reorder_awaiting_persists_sort_order" time="0.951" /><testcase classname="backend.tests.test_iter13_balance_no_advances.TestReorder" name="test_reorder_pending_persists_sort_order" time="0.997" /><testcase classname="backend.tests.test_iter13_balance_no_advances.TestDeletePayment" name="test_delete_single_payment_leaves_others" time="0.843" /><testcase classname="backend.tests.test_iter13_balance_no_advances.TestExecutePending" name="test_execute_clears_pending_and_awaiting" time="0.885" /><testcase classname="backend.tests.test_iter13_balance_no_advances.TestAppointment" name="test_appointment_at_and_note_roundtrip" time="1.190" /><testcase classname="backend.tests.test_iter13_balance_no_advances.TestUnpaidExpectedMargin" name="test_expected_margin_imponibile_minus_materials" time="0.722" /><testcase classname="backend.tests.test_iter13_balance_no_advances.TestMaterialsBySourceNotDoubleCounted" name="test_materials_separate_from_expenses" time="0.825" /><testcase classname="backend.tests.test_iter13_balance_no_advances.TestQuotePreventivo" name="test_preventivo_no_payments_in_quotes_not_incassi" time="0.907" /><testcase classname="backend.tests.test_iter14_calculations" name="test_1_pure_iva_22_no_withholding" time="2.621" /><testcase classname="backend.tests.test_iter14_calculations" name="test_2_iva_and_withholding_rounding" time="1.619" /><testcase classname="backend.tests.test_iter14_calculations" name="test_3_no_vat_no_withholding" time="1.624" /><testcase classname="backend.tests.test_iter14_calculations" name="test_4_materials_pro_rata_distribution" time="2.476" /><testcase classname="backend.tests.test_iter14_calculations" name="test_5_advances_NOT_subtracted_from_balance" time="1.755" /><testcase classname="backend.tests.test_iter14_calculations" name="test_6_yearly_balance_is_sum_of_monthly" time="2.098" /><testcase classname="backend.tests.test_iter14_calculations" name="test_7_pending_client_excluded" time="1.864" /><testcase classname="backend.tests.test_iter14_calculations" name="test_8_preventivo_in_quotes_not_in_imponibile" time="1.764" /><testcase classname="backend.tests.test_iter14_calculations" name="test_9_best_worst_month" time="1.818" /><testcase classname="backend.tests.test_iter14_calculations" name="test_10_legacy_client_no_payments_array" time="1.662" /><testcase classname="backend.tests.test_iter14_calculations" name="test_11_incassi_by_method_split_and_margine" time="1.834" /><testcase classname="backend.tests.test_iva_split" name="test_split_iva_no_ritenuta" time="0.400" /><testcase classname="backend.tests.test_iva_split" name="test_split_iva_with_ritenuta" time="0.000" /><testcase classname="backend.tests.test_iva_split" name="test_split_no_iva" time="0.000" /><testcase classname="backend.tests.test_iva_split" name="test_split_iva_10_percent" time="0.000" /></testsuite></testsuites>