<?xml version="1.0" encoding="utf-8"?><testsuites name="pytest tests"><testsuite name="pytest" errors="0" failures="0" skipped="0" tests="69" time="19.346" timestamp="2026-04-29T05:58:12.756106+00:00" hostname="agent-env-b74a85ff-25cd-40f3-b8ad-9684642dca85"><testcase classname="backend.tests.backend_test.TestAuthGates" name="test_root_health_unauth" time="0.286" /><testcase classname="backend.tests.backend_test.TestAuthGates" name="test_me_no_token" time="0.125" /><testcase classname="backend.tests.backend_test.TestAuthGates" name="test_clients_no_token" time="0.108" /><testcase classname="backend.tests.backend_test.TestAuthGates" name="test_clients_invalid_token" time="0.106" /><testcase classname="backend.tests.backend_test.TestAuthGates" name="test_me_with_valid_token" time="0.528" /><testcase classname="backend.tests.backend_test.TestClientsCRUD" name="test_create_get_update_delete" time="0.409" /><testcase classname="backend.tests.backend_test.TestClientsCRUD" name="test_update_nonexistent_client" time="0.106" /><testcase classname="backend.tests.backend_test.TestClientsCRUD" name="test_delete_nonexistent_client" time="0.112" /><testcase classname="backend.tests.backend_test.TestExpensesCRUD" name="test_create_get_update_delete" time="0.232" /><testcase classname="backend.tests.backend_test.TestAdvancesCRUD" name="test_create_get_delete" time="0.228" /><testcase classname="backend.tests.backend_test.TestSummary" name="test_summary_aggregates" time="0.611" /><testcase classname="backend.tests.backend_test.TestIsolation" name="test_user_b_cannot_see_user_a_data" time="0.727" /><testcase classname="backend.tests.backend_test.TestClientSearch" name="test_search_requires_auth" time="0.109" /><testcase classname="backend.tests.backend_test.TestClientSearch" name="test_search_short_query_returns_empty" time="0.149" /><testcase classname="backend.tests.backend_test.TestClientSearch" name="test_search_matches_name_address_phone" time="0.507" /><testcase classname="backend.tests.backend_test.TestClientSearch" name="test_search_sorted_by_date_desc_and_max_50" time="0.379" /><testcase classname="backend.tests.backend_test.TestClientSearch" name="test_search_isolation_between_users" time="0.294" /><testcase classname="backend.tests.backend_test.TestAdvancesByWorker" name="test_requires_auth" time="0.127" /><testcase classname="backend.tests.backend_test.TestAdvancesByWorker" name="test_aggregation_and_isolation" time="0.700" /><testcase classname="backend.tests.backend_test.TestAdvancesByWorker" name="test_empty_month_returns_empty_list" time="0.102" /><testcase classname="backend.tests.backend_test.TestRecurringExpenses" name="test_list_requires_auth" time="0.104" /><testcase classname="backend.tests.backend_test.TestRecurringExpenses" name="test_apply_requires_auth" time="0.098" /><testcase classname="backend.tests.backend_test.TestRecurringExpenses" name="test_crud_template_per_user_isolation" time="0.658" /><testcase classname="backend.tests.backend_test.TestRecurringExpenses" name="test_apply_is_idempotent_and_recreates_after_delete" time="0.702" /><testcase classname="backend.tests.backend_test.TestRecurringExpenses" name="test_apply_no_templates_returns_zero" time="0.148" /><testcase classname="backend.tests.backend_test.TestRecurringExpenses" name="test_legacy_expense_without_recurring_id_loads_ok" time="0.197" /><testcase classname="backend.tests.backend_test.TestUnpaidClients" name="test_unpaid_no_token" time="0.118" /><testcase classname="backend.tests.backend_test.TestUnpaidClients" name="test_unpaid_invalid_token" time="0.118" /><testcase classname="backend.tests.backend_test.TestUnpaidClients" name="test_unpaid_logic_and_math" time="0.660" /><testcase classname="backend.tests.backend_test.TestUnpaidClients" name="test_unpaid_user_isolation" time="0.333" /><testcase classname="backend.tests.backend_test.TestUnpaidClients" name="test_unpaid_zero_balance_excluded" time="0.215" /><testcase classname="backend.tests.backend_test.TestMaterials" name="test_create_client_with_materials_and_persistence" time="0.194" /><testcase classname="backend.tests.backend_test.TestMaterials" name="test_legacy_client_without_materials_field" time="0.208" /><testcase classname="backend.tests.backend_test.TestMaterials" name="test_update_client_add_remove_materials" time="0.284" /><testcase classname="backend.tests.backend_test.TestMaterials" name="test_material_zero_amount_with_description_persists" time="0.159" /><testcase classname="backend.tests.backend_test.TestMaterials" name="test_material_invalid_or_missing_source_defaults" time="0.226" /><testcase classname="backend.tests.backend_test.TestMaterials" name="test_unpaid_returns_materials_total_and_expected_margin" time="0.200" /><testcase classname="backend.tests.backend_test.TestMaterials" name="test_summary_total_materials_and_by_source" time="0.453" /><testcase classname="backend.tests.backend_test.TestMaterials" name="test_summary_no_materials_legacy_clients_balance_unchanged" time="0.202" /><testcase classname="backend.tests.backend_test.TestMaterials" name="test_materials_user_isolation" time="0.331" /><testcase classname="backend.tests.backend_test.TestMaterials" name="test_preventivo_with_materials_no_payments_not_in_unpaid" time="0.193" /><testcase classname="backend.tests.backend_test.TestProssimiLavori" name="test_pending_list_requires_auth" time="0.105" /><testcase classname="backend.tests.backend_test.TestProssimiLavori" name="test_execute_requires_auth" time="0.097" /><testcase classname="backend.tests.backend_test.TestProssimiLavori" name="test_create_pending_client_persists_flag" time="0.309" /><testcase classname="backend.tests.backend_test.TestProssimiLavori" name="test_default_pending_is_false_backward_compat" time="0.242" /><testcase classname="backend.tests.backend_test.TestProssimiLavori" name="test_pending_sort_order_date_then_created_at" time="0.375" /><testcase classname="backend.tests.backend_test.TestProssimiLavori" name="test_execute_with_explicit_date_moves_to_agenda" time="0.300" /><testcase classname="backend.tests.backend_test.TestProssimiLavori" name="test_execute_without_date_defaults_today_utc" time="0.211" /><testcase classname="backend.tests.backend_test.TestProssimiLavori" name="test_execute_404_when_not_pending" time="0.221" /><testcase classname="backend.tests.backend_test.TestProssimiLavori" name="test_execute_404_for_nonexistent" time="0.111" /><testcase classname="backend.tests.backend_test.TestProssimiLavori" name="test_pending_isolation_between_users" time="0.354" /><testcase classname="backend.tests.backend_test.TestProssimiLavori" name="test_unpaid_excludes_pending" time="0.198" /><testcase classname="backend.tests.backend_test.TestProssimiLavori" name="test_summary_excludes_pending" time="0.293" /><testcase classname="backend.tests.backend_test.TestProssimiLavori" name="test_round_trip_pending_to_agenda_preserves_scheda" time="0.193" /><testcase classname="backend.tests.backend_test.TestProssimiLavori" name="test_search_may_include_pending" time="0.201" /><testcase classname="backend.tests.backend_test.TestProssimiLavori" name="test_toggle_pending_off_via_put_moves_to_agenda" time="0.295" /><testcase classname="backend.tests.backend_test.TestClientsRange" name="test_range_within_single_month" time="0.441" /><testcase classname="backend.tests.backend_test.TestClientsRange" name="test_range_spanning_two_months" time="0.642" /><testcase classname="backend.tests.backend_test.TestClientsRange" name="test_range_excludes_pending" time="0.302" /><testcase classname="backend.tests.backend_test.TestClientsRange" name="test_date_param_takes_precedence_over_range" time="0.325" /><testcase classname="backend.tests.backend_test.TestClientsRange" name="test_range_takes_precedence_over_month" time="0.303" /><testcase classname="backend.tests.backend_test.TestClientsRange" name="test_range_user_isolation" time="0.423" /><testcase classname="backend.tests.backend_test.TestIdempotency" name="test_client_post_with_explicit_id_uses_that_id" time="0.162" /><testcase classname="backend.tests.backend_test.TestIdempotency" name="test_client_post_without_id_still_generates_uuid" time="0.142" /><testcase classname="backend.tests.backend_test.TestIdempotency" name="test_client_repeat_post_same_id_idempotent" time="0.246" /><testcase classname="backend.tests.backend_test.TestIdempotency" name="test_expense_post_idempotent" time="0.243" /><testcase classname="backend.tests.backend_test.TestIdempotency" name="test_advance_post_idempotent" time="0.241" /><testcase classname="backend.tests.backend_test.TestIdempotency" name="test_idempotency_scoped_per_user" time="0.340" /><testcase classname="backend.tests.backend_test.TestIdempotency" name="test_drain_replay_header_accepted" time="0.145" /></testsuite></testsuites>