<?xml version="1.0" encoding="utf-8"?><testsuites name="pytest tests"><testsuite name="pytest" errors="0" failures="0" skipped="0" tests="75" time="68.011" timestamp="2026-05-05T16:20:36.912708+00:00" hostname="agent-env-b74a85ff-25cd-40f3-b8ad-9684642dca85"><testcase classname="tests.backend_test.TestAuthGates" name="test_root_health_unauth" time="0.463" /><testcase classname="tests.backend_test.TestAuthGates" name="test_me_no_token" time="0.187" /><testcase classname="tests.backend_test.TestAuthGates" name="test_clients_no_token" time="0.128" /><testcase classname="tests.backend_test.TestAuthGates" name="test_clients_invalid_token" time="0.169" /><testcase classname="tests.backend_test.TestAuthGates" name="test_me_with_valid_token" time="0.518" /><testcase classname="tests.backend_test.TestClientsCRUD" name="test_create_get_update_delete" time="0.523" /><testcase classname="tests.backend_test.TestClientsCRUD" name="test_update_nonexistent_client" time="0.190" /><testcase classname="tests.backend_test.TestClientsCRUD" name="test_delete_nonexistent_client" time="0.156" /><testcase classname="tests.backend_test.TestExpensesCRUD" name="test_create_get_update_delete" time="0.321" /><testcase classname="tests.backend_test.TestAdvancesCRUD" name="test_create_get_delete" time="0.392" /><testcase classname="tests.backend_test.TestSummary" name="test_summary_aggregates" time="0.899" /><testcase classname="tests.backend_test.TestIsolation" name="test_user_b_cannot_see_user_a_data" time="0.919" /><testcase classname="tests.backend_test.TestClientSearch" name="test_search_requires_auth" time="0.217" /><testcase classname="tests.backend_test.TestClientSearch" name="test_search_short_query_returns_empty" time="0.218" /><testcase classname="tests.backend_test.TestClientSearch" name="test_search_matches_name_address_phone" time="1.031" /><testcase classname="tests.backend_test.TestClientSearch" name="test_search_sorted_by_date_desc_and_max_50" time="0.806" /><testcase classname="tests.backend_test.TestClientSearch" name="test_search_isolation_between_users" time="0.717" /><testcase classname="tests.backend_test.TestAdvancesByWorker" name="test_requires_auth" time="2.477" /><testcase classname="tests.backend_test.TestAdvancesByWorker" name="test_aggregation_and_isolation" time="3.128" /><testcase classname="tests.backend_test.TestAdvancesByWorker" name="test_empty_month_returns_empty_list" time="0.312" /><testcase classname="tests.backend_test.TestRecurringExpenses" name="test_list_requires_auth" time="0.647" /><testcase classname="tests.backend_test.TestRecurringExpenses" name="test_apply_requires_auth" time="0.403" /><testcase classname="tests.backend_test.TestRecurringExpenses" name="test_crud_template_per_user_isolation" time="1.591" /><testcase classname="tests.backend_test.TestRecurringExpenses" name="test_apply_is_idempotent_and_recreates_after_delete" time="0.933" /><testcase classname="tests.backend_test.TestRecurringExpenses" name="test_apply_no_templates_returns_zero" time="1.240" /><testcase classname="tests.backend_test.TestRecurringExpenses" name="test_legacy_expense_without_recurring_id_loads_ok" time="0.253" /><testcase classname="tests.backend_test.TestUnpaidClients" name="test_unpaid_no_token" time="0.132" /><testcase classname="tests.backend_test.TestUnpaidClients" name="test_unpaid_invalid_token" time="0.544" /><testcase classname="tests.backend_test.TestUnpaidClients" name="test_unpaid_logic_and_math" time="1.343" /><testcase classname="tests.backend_test.TestUnpaidClients" name="test_unpaid_user_isolation" time="0.405" /><testcase classname="tests.backend_test.TestUnpaidClients" name="test_unpaid_zero_balance_excluded" time="0.740" /><testcase classname="tests.backend_test.TestMaterials" name="test_create_client_with_materials_and_persistence" time="1.122" /><testcase classname="tests.backend_test.TestMaterials" name="test_legacy_client_without_materials_field" time="3.824" /><testcase classname="tests.backend_test.TestMaterials" name="test_update_client_add_remove_materials" time="1.393" /><testcase classname="tests.backend_test.TestMaterials" name="test_material_zero_amount_with_description_persists" time="0.576" /><testcase classname="tests.backend_test.TestMaterials" name="test_material_invalid_or_missing_source_defaults" time="0.299" /><testcase classname="tests.backend_test.TestMaterials" name="test_unpaid_returns_materials_total_and_expected_margin" time="0.266" /><testcase classname="tests.backend_test.TestMaterials" name="test_summary_total_materials_and_by_source" time="2.031" /><testcase classname="tests.backend_test.TestMaterials" name="test_summary_no_materials_legacy_clients_balance_unchanged" time="1.314" /><testcase classname="tests.backend_test.TestMaterials" name="test_materials_user_isolation" time="1.647" /><testcase classname="tests.backend_test.TestMaterials" name="test_preventivo_with_materials_no_payments_not_in_unpaid" time="0.523" /><testcase classname="tests.backend_test.TestProssimiLavori" name="test_pending_list_requires_auth" time="0.121" /><testcase classname="tests.backend_test.TestProssimiLavori" name="test_execute_requires_auth" time="0.126" /><testcase classname="tests.backend_test.TestProssimiLavori" name="test_create_pending_client_persists_flag" time="0.891" /><testcase classname="tests.backend_test.TestProssimiLavori" name="test_default_pending_is_false_backward_compat" time="0.967" /><testcase classname="tests.backend_test.TestProssimiLavori" name="test_pending_sort_order_date_then_created_at" time="1.300" /><testcase classname="tests.backend_test.TestProssimiLavori" name="test_execute_with_explicit_date_moves_to_agenda" time="0.457" /><testcase classname="tests.backend_test.TestProssimiLavori" name="test_execute_without_date_defaults_today_utc" time="0.289" /><testcase classname="tests.backend_test.TestProssimiLavori" name="test_execute_404_when_not_pending" time="0.279" /><testcase classname="tests.backend_test.TestProssimiLavori" name="test_execute_404_for_nonexistent" time="0.142" /><testcase classname="tests.backend_test.TestProssimiLavori" name="test_pending_isolation_between_users" time="0.479" /><testcase classname="tests.backend_test.TestProssimiLavori" name="test_unpaid_excludes_pending" time="0.274" /><testcase classname="tests.backend_test.TestProssimiLavori" name="test_summary_excludes_pending" time="2.067" /><testcase classname="tests.backend_test.TestProssimiLavori" name="test_round_trip_pending_to_agenda_preserves_scheda" time="0.466" /><testcase classname="tests.backend_test.TestProssimiLavori" name="test_search_may_include_pending" time="0.261" /><testcase classname="tests.backend_test.TestProssimiLavori" name="test_toggle_pending_off_via_put_moves_to_agenda" time="2.008" /><testcase classname="tests.backend_test.TestClientsRange" name="test_range_within_single_month" time="3.183" /><testcase classname="tests.backend_test.TestClientsRange" name="test_range_spanning_two_months" time="3.916" /><testcase classname="tests.backend_test.TestClientsRange" name="test_range_excludes_pending" time="0.397" /><testcase classname="tests.backend_test.TestClientsRange" name="test_date_param_takes_precedence_over_range" time="2.203" /><testcase classname="tests.backend_test.TestClientsRange" name="test_range_takes_precedence_over_month" time="0.785" /><testcase classname="tests.backend_test.TestClientsRange" name="test_range_user_isolation" time="1.991" /><testcase classname="tests.backend_test.TestIdempotency" name="test_client_post_with_explicit_id_uses_that_id" time="0.240" /><testcase classname="tests.backend_test.TestIdempotency" name="test_client_post_without_id_still_generates_uuid" time="1.302" /><testcase classname="tests.backend_test.TestIdempotency" name="test_client_repeat_post_same_id_idempotent" time="1.944" /><testcase classname="tests.backend_test.TestIdempotency" name="test_expense_post_idempotent" time="0.279" /><testcase classname="tests.backend_test.TestIdempotency" name="test_advance_post_idempotent" time="1.043" /><testcase classname="tests.backend_test.TestIdempotency" name="test_idempotency_scoped_per_user" time="1.163" /><testcase classname="tests.backend_test.TestIdempotency" name="test_drain_replay_header_accepted" time="0.203" /><testcase classname="tests.backend_test.TestYearlySummary" name="test_year_endpoint_shape" time="0.792" /><testcase classname="tests.backend_test.TestYearlySummary" name="test_year_empty_returns_nulls" time="0.511" /><testcase classname="tests.backend_test.TestYearlySummary" name="test_year_totals_match_sum_of_months" time="1.119" /><testcase classname="tests.backend_test.TestYearlySummary" name="test_year_best_worst_excludes_empty_months" time="0.237" /><testcase classname="tests.backend_test.TestYearlySummary" name="test_year_user_isolation" time="1.308" /><testcase classname="tests.backend_test.TestYearlySummary" name="test_year_unauth" time="0.120" /></testsuite></testsuites>