<?xml version="1.0" encoding="utf-8"?><testsuites name="pytest tests"><testsuite name="pytest" errors="0" failures="0" skipped="0" tests="87" time="68.375" timestamp="2026-05-05T16:23:55.106061+00:00" hostname="agent-env-b74a85ff-25cd-40f3-b8ad-9684642dca85"><testcase classname="tests.backend_test.TestAuthGates" name="test_root_health_unauth" time="0.176" /><testcase classname="tests.backend_test.TestAuthGates" name="test_me_no_token" time="0.225" /><testcase classname="tests.backend_test.TestAuthGates" name="test_clients_no_token" time="0.201" /><testcase classname="tests.backend_test.TestAuthGates" name="test_clients_invalid_token" time="0.135" /><testcase classname="tests.backend_test.TestAuthGates" name="test_me_with_valid_token" time="0.567" /><testcase classname="tests.backend_test.TestClientsCRUD" name="test_create_get_update_delete" time="0.481" /><testcase classname="tests.backend_test.TestClientsCRUD" name="test_update_nonexistent_client" time="0.166" /><testcase classname="tests.backend_test.TestClientsCRUD" name="test_delete_nonexistent_client" time="0.180" /><testcase classname="tests.backend_test.TestExpensesCRUD" name="test_create_get_update_delete" time="0.407" /><testcase classname="tests.backend_test.TestAdvancesCRUD" name="test_create_get_delete" time="0.348" /><testcase classname="tests.backend_test.TestSummary" name="test_summary_aggregates" time="1.247" /><testcase classname="tests.backend_test.TestIsolation" name="test_user_b_cannot_see_user_a_data" time="0.941" /><testcase classname="tests.backend_test.TestClientSearch" name="test_search_requires_auth" time="0.162" /><testcase classname="tests.backend_test.TestClientSearch" name="test_search_short_query_returns_empty" time="0.225" /><testcase classname="tests.backend_test.TestClientSearch" name="test_search_matches_name_address_phone" time="0.702" /><testcase classname="tests.backend_test.TestClientSearch" name="test_search_sorted_by_date_desc_and_max_50" time="0.742" /><testcase classname="tests.backend_test.TestClientSearch" name="test_search_isolation_between_users" time="0.426" /><testcase classname="tests.backend_test.TestAdvancesByWorker" name="test_requires_auth" time="0.106" /><testcase classname="tests.backend_test.TestAdvancesByWorker" name="test_aggregation_and_isolation" time="1.539" /><testcase classname="tests.backend_test.TestAdvancesByWorker" name="test_empty_month_returns_empty_list" time="0.122" /><testcase classname="tests.backend_test.TestRecurringExpenses" name="test_list_requires_auth" time="0.165" /><testcase classname="tests.backend_test.TestRecurringExpenses" name="test_apply_requires_auth" time="0.123" /><testcase classname="tests.backend_test.TestRecurringExpenses" name="test_crud_template_per_user_isolation" time="1.042" /><testcase classname="tests.backend_test.TestRecurringExpenses" name="test_apply_is_idempotent_and_recreates_after_delete" time="1.041" /><testcase classname="tests.backend_test.TestRecurringExpenses" name="test_apply_no_templates_returns_zero" time="0.241" /><testcase classname="tests.backend_test.TestRecurringExpenses" name="test_legacy_expense_without_recurring_id_loads_ok" time="0.259" /><testcase classname="tests.backend_test.TestUnpaidClients" name="test_unpaid_no_token" time="0.134" /><testcase classname="tests.backend_test.TestUnpaidClients" name="test_unpaid_invalid_token" time="0.147" /><testcase classname="tests.backend_test.TestUnpaidClients" name="test_unpaid_logic_and_math" time="1.284" /><testcase classname="tests.backend_test.TestUnpaidClients" name="test_unpaid_user_isolation" time="0.505" /><testcase classname="tests.backend_test.TestUnpaidClients" name="test_unpaid_zero_balance_excluded" time="0.283" /><testcase classname="tests.backend_test.TestMaterials" name="test_create_client_with_materials_and_persistence" time="0.460" /><testcase classname="tests.backend_test.TestMaterials" name="test_legacy_client_without_materials_field" time="0.452" /><testcase classname="tests.backend_test.TestMaterials" name="test_update_client_add_remove_materials" time="0.363" /><testcase classname="tests.backend_test.TestMaterials" name="test_material_zero_amount_with_description_persists" time="0.187" /><testcase classname="tests.backend_test.TestMaterials" name="test_material_invalid_or_missing_source_defaults" time="0.215" /><testcase classname="tests.backend_test.TestMaterials" name="test_unpaid_returns_materials_total_and_expected_margin" time="0.278" /><testcase classname="tests.backend_test.TestMaterials" name="test_summary_total_materials_and_by_source" time="0.526" /><testcase classname="tests.backend_test.TestMaterials" name="test_summary_no_materials_legacy_clients_balance_unchanged" time="0.310" /><testcase classname="tests.backend_test.TestMaterials" name="test_materials_user_isolation" time="36.183" /><testcase classname="tests.backend_test.TestMaterials" name="test_preventivo_with_materials_no_payments_not_in_unpaid" time="0.493" /><testcase classname="tests.backend_test.TestProssimiLavori" name="test_pending_list_requires_auth" time="0.112" /><testcase classname="tests.backend_test.TestProssimiLavori" name="test_execute_requires_auth" time="0.129" /><testcase classname="tests.backend_test.TestProssimiLavori" name="test_create_pending_client_persists_flag" time="0.448" /><testcase classname="tests.backend_test.TestProssimiLavori" name="test_default_pending_is_false_backward_compat" time="0.270" /><testcase classname="tests.backend_test.TestProssimiLavori" name="test_pending_sort_order_date_then_created_at" time="0.546" /><testcase classname="tests.backend_test.TestProssimiLavori" name="test_execute_with_explicit_date_moves_to_agenda" time="0.399" /><testcase classname="tests.backend_test.TestProssimiLavori" name="test_execute_without_date_defaults_today_utc" time="0.267" /><testcase classname="tests.backend_test.TestProssimiLavori" name="test_execute_404_when_not_pending" time="0.249" /><testcase classname="tests.backend_test.TestProssimiLavori" name="test_execute_404_for_nonexistent" time="0.136" /><testcase classname="tests.backend_test.TestProssimiLavori" name="test_pending_isolation_between_users" time="0.463" /><testcase classname="tests.backend_test.TestProssimiLavori" name="test_unpaid_excludes_pending" time="0.248" /><testcase classname="tests.backend_test.TestProssimiLavori" name="test_summary_excludes_pending" time="0.440" /><testcase classname="tests.backend_test.TestProssimiLavori" name="test_round_trip_pending_to_agenda_preserves_scheda" time="0.276" /><testcase classname="tests.backend_test.TestProssimiLavori" name="test_search_may_include_pending" time="0.284" /><testcase classname="tests.backend_test.TestProssimiLavori" name="test_toggle_pending_off_via_put_moves_to_agenda" time="0.628" /><testcase classname="tests.backend_test.TestClientsRange" name="test_range_within_single_month" time="0.532" /><testcase classname="tests.backend_test.TestClientsRange" name="test_range_spanning_two_months" time="0.751" /><testcase classname="tests.backend_test.TestClientsRange" name="test_range_excludes_pending" time="0.332" /><testcase classname="tests.backend_test.TestClientsRange" name="test_date_param_takes_precedence_over_range" time="0.424" /><testcase classname="tests.backend_test.TestClientsRange" name="test_range_takes_precedence_over_month" time="0.374" /><testcase classname="tests.backend_test.TestClientsRange" name="test_range_user_isolation" time="0.582" /><testcase classname="tests.backend_test.TestIdempotency" name="test_client_post_with_explicit_id_uses_that_id" time="0.207" /><testcase classname="tests.backend_test.TestIdempotency" name="test_client_post_without_id_still_generates_uuid" time="0.194" /><testcase classname="tests.backend_test.TestIdempotency" name="test_client_repeat_post_same_id_idempotent" time="0.338" /><testcase classname="tests.backend_test.TestIdempotency" name="test_expense_post_idempotent" time="0.369" /><testcase classname="tests.backend_test.TestIdempotency" name="test_advance_post_idempotent" time="0.373" /><testcase classname="tests.backend_test.TestIdempotency" name="test_idempotency_scoped_per_user" time="0.434" /><testcase classname="tests.backend_test.TestIdempotency" name="test_drain_replay_header_accepted" time="0.192" /><testcase classname="tests.backend_test.TestYearlySummary" name="test_year_endpoint_shape" time="0.163" /><testcase classname="tests.backend_test.TestYearlySummary" name="test_year_empty_returns_nulls" time="0.135" /><testcase classname="tests.backend_test.TestYearlySummary" name="test_year_totals_match_sum_of_months" time="0.504" /><testcase classname="tests.backend_test.TestYearlySummary" name="test_year_best_worst_excludes_empty_months" time="0.230" /><testcase classname="tests.backend_test.TestYearlySummary" name="test_year_user_isolation" time="0.475" /><testcase classname="tests.backend_test.TestYearlySummary" name="test_year_unauth" time="0.113" /><testcase classname="tests.test_edge_cases_iter11.TestSpecialChars" name="test_apostrophe_in_name" time="0.595" /><testcase classname="tests.test_edge_cases_iter11.TestSpecialChars" name="test_double_quote_in_name" time="0.161" /><testcase classname="tests.test_edge_cases_iter11.TestSpecialChars" name="test_special_address_encodes_for_maps" time="0.101" /><testcase classname="tests.test_edge_cases_iter11.TestZeroAmount" name="test_zero_amount_with_materials_summary" time="0.227" /><testcase classname="tests.test_edge_cases_iter11.TestEccedenza" name="test_overpayment_not_in_unpaid" time="0.224" /><testcase classname="tests.test_edge_cases_iter11.TestPendingPreservation" name="test_pending_executed_keeps_materials_and_payments" time="0.387" /><testcase classname="tests.test_edge_cases_iter11.TestCrossMonthIsolation" name="test_january_client_not_in_previous_december" time="0.205" /><testcase classname="tests.test_edge_cases_iter11.TestFutureEmptyYear" name="test_year_2030_returns_12_empty_months" time="0.061" /><testcase classname="tests.test_edge_cases_iter11.TestReverseRange" name="test_invalid_reverse_range_returns_empty" time="0.052" /><testcase classname="tests.test_edge_cases_iter11.TestSearchIncludesPending" name="test_search_returns_both_pending_and_non_pending" time="0.265" /><testcase classname="tests.test_edge_cases_iter11.TestPnLFormula" name="test_balance_1000_minus_50_minus_200_minus_100_equals_650" time="0.360" /><testcase classname="tests.test_edge_cases_iter11.TestRevokedToken" name="test_garbage_token_returns_401" time="0.182" /></testsuite></testsuites>