<?xml version="1.0" encoding="utf-8"?><testsuites name="pytest tests"><testsuite name="pytest" errors="0" failures="0" skipped="0" tests="62" time="18.812" timestamp="2026-04-27T10:12:59.957546+00:00" hostname="agent-env-b74a85ff-25cd-40f3-b8ad-9684642dca85"><testcase classname="backend.tests.backend_test.TestAuthGates" name="test_root_health_unauth" time="0.277" /><testcase classname="backend.tests.backend_test.TestAuthGates" name="test_me_no_token" time="0.110" /><testcase classname="backend.tests.backend_test.TestAuthGates" name="test_clients_no_token" time="0.138" /><testcase classname="backend.tests.backend_test.TestAuthGates" name="test_clients_invalid_token" time="0.138" /><testcase classname="backend.tests.backend_test.TestAuthGates" name="test_me_with_valid_token" time="0.669" /><testcase classname="backend.tests.backend_test.TestClientsCRUD" name="test_create_get_update_delete" time="0.434" /><testcase classname="backend.tests.backend_test.TestClientsCRUD" name="test_update_nonexistent_client" time="0.134" /><testcase classname="backend.tests.backend_test.TestClientsCRUD" name="test_delete_nonexistent_client" time="0.106" /><testcase classname="backend.tests.backend_test.TestExpensesCRUD" name="test_create_get_update_delete" time="0.260" /><testcase classname="backend.tests.backend_test.TestAdvancesCRUD" name="test_create_get_delete" time="0.251" /><testcase classname="backend.tests.backend_test.TestSummary" name="test_summary_aggregates" time="0.601" /><testcase classname="backend.tests.backend_test.TestIsolation" name="test_user_b_cannot_see_user_a_data" time="0.736" /><testcase classname="backend.tests.backend_test.TestClientSearch" name="test_search_requires_auth" time="0.172" /><testcase classname="backend.tests.backend_test.TestClientSearch" name="test_search_short_query_returns_empty" time="0.151" /><testcase classname="backend.tests.backend_test.TestClientSearch" name="test_search_matches_name_address_phone" time="0.493" /><testcase classname="backend.tests.backend_test.TestClientSearch" name="test_search_sorted_by_date_desc_and_max_50" time="0.389" /><testcase classname="backend.tests.backend_test.TestClientSearch" name="test_search_isolation_between_users" time="0.408" /><testcase classname="backend.tests.backend_test.TestAdvancesByWorker" name="test_requires_auth" time="0.103" /><testcase classname="backend.tests.backend_test.TestAdvancesByWorker" name="test_aggregation_and_isolation" time="0.793" /><testcase classname="backend.tests.backend_test.TestAdvancesByWorker" name="test_empty_month_returns_empty_list" time="0.108" /><testcase classname="backend.tests.backend_test.TestRecurringExpenses" name="test_list_requires_auth" time="0.097" /><testcase classname="backend.tests.backend_test.TestRecurringExpenses" name="test_apply_requires_auth" time="0.106" /><testcase classname="backend.tests.backend_test.TestRecurringExpenses" name="test_crud_template_per_user_isolation" time="0.716" /><testcase classname="backend.tests.backend_test.TestRecurringExpenses" name="test_apply_is_idempotent_and_recreates_after_delete" time="0.644" /><testcase classname="backend.tests.backend_test.TestRecurringExpenses" name="test_apply_no_templates_returns_zero" time="0.152" /><testcase classname="backend.tests.backend_test.TestRecurringExpenses" name="test_legacy_expense_without_recurring_id_loads_ok" time="0.208" /><testcase classname="backend.tests.backend_test.TestUnpaidClients" name="test_unpaid_no_token" time="0.106" /><testcase classname="backend.tests.backend_test.TestUnpaidClients" name="test_unpaid_invalid_token" time="0.117" /><testcase classname="backend.tests.backend_test.TestUnpaidClients" name="test_unpaid_logic_and_math" time="0.755" /><testcase classname="backend.tests.backend_test.TestUnpaidClients" name="test_unpaid_user_isolation" time="0.315" /><testcase classname="backend.tests.backend_test.TestUnpaidClients" name="test_unpaid_zero_balance_excluded" time="0.202" /><testcase classname="backend.tests.backend_test.TestMaterials" name="test_create_client_with_materials_and_persistence" time="0.198" /><testcase classname="backend.tests.backend_test.TestMaterials" name="test_legacy_client_without_materials_field" time="0.228" /><testcase classname="backend.tests.backend_test.TestMaterials" name="test_update_client_add_remove_materials" time="0.248" /><testcase classname="backend.tests.backend_test.TestMaterials" name="test_material_zero_amount_with_description_persists" time="0.175" /><testcase classname="backend.tests.backend_test.TestMaterials" name="test_material_invalid_or_missing_source_defaults" time="0.200" /><testcase classname="backend.tests.backend_test.TestMaterials" name="test_unpaid_returns_materials_total_and_expected_margin" time="0.207" /><testcase classname="backend.tests.backend_test.TestMaterials" name="test_summary_total_materials_and_by_source" time="0.441" /><testcase classname="backend.tests.backend_test.TestMaterials" name="test_summary_no_materials_legacy_clients_balance_unchanged" time="0.222" /><testcase classname="backend.tests.backend_test.TestMaterials" name="test_materials_user_isolation" time="0.315" /><testcase classname="backend.tests.backend_test.TestMaterials" name="test_preventivo_with_materials_no_payments_not_in_unpaid" time="0.218" /><testcase classname="backend.tests.backend_test.TestProssimiLavori" name="test_pending_list_requires_auth" time="0.111" /><testcase classname="backend.tests.backend_test.TestProssimiLavori" name="test_execute_requires_auth" time="0.108" /><testcase classname="backend.tests.backend_test.TestProssimiLavori" name="test_create_pending_client_persists_flag" time="0.308" /><testcase classname="backend.tests.backend_test.TestProssimiLavori" name="test_default_pending_is_false_backward_compat" time="0.259" /><testcase classname="backend.tests.backend_test.TestProssimiLavori" name="test_pending_sort_order_date_then_created_at" time="0.392" /><testcase classname="backend.tests.backend_test.TestProssimiLavori" name="test_execute_with_explicit_date_moves_to_agenda" time="0.289" /><testcase classname="backend.tests.backend_test.TestProssimiLavori" name="test_execute_without_date_defaults_today_utc" time="0.232" /><testcase classname="backend.tests.backend_test.TestProssimiLavori" name="test_execute_404_when_not_pending" time="0.197" /><testcase classname="backend.tests.backend_test.TestProssimiLavori" name="test_execute_404_for_nonexistent" time="0.128" /><testcase classname="backend.tests.backend_test.TestProssimiLavori" name="test_pending_isolation_between_users" time="0.557" /><testcase classname="backend.tests.backend_test.TestProssimiLavori" name="test_unpaid_excludes_pending" time="0.208" /><testcase classname="backend.tests.backend_test.TestProssimiLavori" name="test_summary_excludes_pending" time="0.346" /><testcase classname="backend.tests.backend_test.TestProssimiLavori" name="test_round_trip_pending_to_agenda_preserves_scheda" time="0.227" /><testcase classname="backend.tests.backend_test.TestProssimiLavori" name="test_search_may_include_pending" time="0.200" /><testcase classname="backend.tests.backend_test.TestProssimiLavori" name="test_toggle_pending_off_via_put_moves_to_agenda" time="0.284" /><testcase classname="backend.tests.backend_test.TestClientsRange" name="test_range_within_single_month" time="0.395" /><testcase classname="backend.tests.backend_test.TestClientsRange" name="test_range_spanning_two_months" time="0.586" /><testcase classname="backend.tests.backend_test.TestClientsRange" name="test_range_excludes_pending" time="0.302" /><testcase classname="backend.tests.backend_test.TestClientsRange" name="test_date_param_takes_precedence_over_range" time="0.286" /><testcase classname="backend.tests.backend_test.TestClientsRange" name="test_range_takes_precedence_over_month" time="0.336" /><testcase classname="backend.tests.backend_test.TestClientsRange" name="test_range_user_isolation" time="0.471" /></testsuite></testsuites>