<?xml version="1.0" encoding="utf-8"?><testsuites name="pytest tests"><testsuite name="pytest" errors="0" failures="0" skipped="0" tests="26" time="8.777" timestamp="2026-04-25T15:20:49.581792+00:00" hostname="agent-env-1200a64c-7477-4f28-8687-3df2da9c016f"><testcase classname="backend.tests.backend_test.TestAuthGates" name="test_root_health_unauth" time="0.220" /><testcase classname="backend.tests.backend_test.TestAuthGates" name="test_me_no_token" time="0.139" /><testcase classname="backend.tests.backend_test.TestAuthGates" name="test_clients_no_token" time="0.153" /><testcase classname="backend.tests.backend_test.TestAuthGates" name="test_clients_invalid_token" time="0.140" /><testcase classname="backend.tests.backend_test.TestAuthGates" name="test_me_with_valid_token" time="0.561" /><testcase classname="backend.tests.backend_test.TestClientsCRUD" name="test_create_get_update_delete" time="0.388" /><testcase classname="backend.tests.backend_test.TestClientsCRUD" name="test_update_nonexistent_client" time="0.113" /><testcase classname="backend.tests.backend_test.TestClientsCRUD" name="test_delete_nonexistent_client" time="0.115" /><testcase classname="backend.tests.backend_test.TestExpensesCRUD" name="test_create_get_update_delete" time="0.242" /><testcase classname="backend.tests.backend_test.TestAdvancesCRUD" name="test_create_get_delete" time="0.271" /><testcase classname="backend.tests.backend_test.TestSummary" name="test_summary_aggregates" time="0.603" /><testcase classname="backend.tests.backend_test.TestIsolation" name="test_user_b_cannot_see_user_a_data" time="0.830" /><testcase classname="backend.tests.backend_test.TestClientSearch" name="test_search_requires_auth" time="0.143" /><testcase classname="backend.tests.backend_test.TestClientSearch" name="test_search_short_query_returns_empty" time="0.207" /><testcase classname="backend.tests.backend_test.TestClientSearch" name="test_search_matches_name_address_phone" time="0.502" /><testcase classname="backend.tests.backend_test.TestClientSearch" name="test_search_sorted_by_date_desc_and_max_50" time="0.470" /><testcase classname="backend.tests.backend_test.TestClientSearch" name="test_search_isolation_between_users" time="0.326" /><testcase classname="backend.tests.backend_test.TestAdvancesByWorker" name="test_requires_auth" time="0.106" /><testcase classname="backend.tests.backend_test.TestAdvancesByWorker" name="test_aggregation_and_isolation" time="0.755" /><testcase classname="backend.tests.backend_test.TestAdvancesByWorker" name="test_empty_month_returns_empty_list" time="0.109" /><testcase classname="backend.tests.backend_test.TestRecurringExpenses" name="test_list_requires_auth" time="0.102" /><testcase classname="backend.tests.backend_test.TestRecurringExpenses" name="test_apply_requires_auth" time="0.100" /><testcase classname="backend.tests.backend_test.TestRecurringExpenses" name="test_crud_template_per_user_isolation" time="0.767" /><testcase classname="backend.tests.backend_test.TestRecurringExpenses" name="test_apply_is_idempotent_and_recreates_after_delete" time="0.638" /><testcase classname="backend.tests.backend_test.TestRecurringExpenses" name="test_apply_no_templates_returns_zero" time="0.164" /><testcase classname="backend.tests.backend_test.TestRecurringExpenses" name="test_legacy_expense_without_recurring_id_loads_ok" time="0.474" /></testsuite></testsuites>